info: Server started at http://localhost:3000/api/v1/ {"timestamp":"2022-02-22T02:43:35.395Z"}
error: Could not connect to the database. connect ECONNREFUSED 127.0.0.1:27017 {"reason":{"commonWireVersion":null,"compatibilityError":null,"compatible":true,"heartbeatFrequencyMS":10000,"localThresholdMS":15,"logicalSessionTimeoutMinutes":null,"maxElectionId":null,"maxSetVersion":null,"servers":{},"setName":null,"stale":false,"type":"Single"},"stack":"Error: \n    at new MongooseError (/home/dell/Desktop/nodeProjects/fundooBackend/node_modules/mongoose/lib/error/mongooseError.js:7:1)\n    at new MongooseServerSelectionError (/home/dell/Desktop/nodeProjects/fundooBackend/node_modules/mongoose/lib/error/serverSelection.js:26:1)\n    at NativeConnection.Connection.openUri (/home/dell/Desktop/nodeProjects/fundooBackend/node_modules/mongoose/lib/connection.js:847:32)\n    at /home/dell/Desktop/nodeProjects/fundooBackend/node_modules/mongoose/lib/index.js:351:10\n    at /home/dell/Desktop/nodeProjects/fundooBackend/node_modules/mongoose/lib/helpers/promiseOrCallback.js:32:5\n    at new Promise (<anonymous>)\n    at promiseOrCallback (/home/dell/Desktop/nodeProjects/fundooBackend/node_modules/mongoose/lib/helpers/promiseOrCallback.js:31:10)\n    at Mongoose._promiseOrCallback (/home/dell/Desktop/nodeProjects/fundooBackend/node_modules/mongoose/lib/index.js:1149:10)","timestamp":"2022-02-22T02:44:05.401Z"}
error: 
    status - 500 
    message - Error: Operation `users.find()` buffering timed out after 10000ms
    at new MongooseError (/home/dell/Desktop/nodeProjects/fundooBackend/node_modules/mongoose/lib/error/mongooseError.js:7:1)
    at Timeout._onTimeout (/home/dell/Desktop/nodeProjects/fundooBackend/node_modules/mongoose/lib/drivers/node-mongodb-native/collection.js:198:23)
    at listOnTimeout (internal/timers.js:557:17)
    at processTimers (internal/timers.js:500:7) 
    url - /api/v1/users 
    method - GET 
    IP - ::1
   {"timestamp":"2022-02-22T02:45:23.054Z"}
error: 
    status - 500 
    message - Error: Operation `users.find()` buffering timed out after 10000ms
    at new MongooseError (/home/dell/Desktop/nodeProjects/fundooBackend/node_modules/mongoose/lib/error/mongooseError.js:7:1)
    at Timeout._onTimeout (/home/dell/Desktop/nodeProjects/fundooBackend/node_modules/mongoose/lib/drivers/node-mongodb-native/collection.js:198:23)
    at listOnTimeout (internal/timers.js:557:17)
    at processTimers (internal/timers.js:500:7) 
    url - /api/v1/users 
    method - GET 
    IP - ::1
   {"timestamp":"2022-02-22T02:45:48.463Z"}
error: 
    status - 500 
    message - Error: Operation `users.find()` buffering timed out after 10000ms
    at new MongooseError (/home/dell/Desktop/nodeProjects/fundooBackend/node_modules/mongoose/lib/error/mongooseError.js:7:1)
    at Timeout._onTimeout (/home/dell/Desktop/nodeProjects/fundooBackend/node_modules/mongoose/lib/drivers/node-mongodb-native/collection.js:198:23)
    at listOnTimeout (internal/timers.js:557:17)
    at processTimers (internal/timers.js:500:7) 
    url - /api/v1/users 
    method - GET 
    IP - ::1
   {"timestamp":"2022-02-22T02:46:07.613Z"}
error: 
    status - 500 
    message - Error: Operation `users.find()` buffering timed out after 10000ms
    at new MongooseError (/home/dell/Desktop/nodeProjects/fundooBackend/node_modules/mongoose/lib/error/mongooseError.js:7:1)
    at Timeout._onTimeout (/home/dell/Desktop/nodeProjects/fundooBackend/node_modules/mongoose/lib/drivers/node-mongodb-native/collection.js:198:23)
    at listOnTimeout (internal/timers.js:557:17)
    at processTimers (internal/timers.js:500:7) 
    url - /api/v1/users 
    method - GET 
    IP - ::1
   {"timestamp":"2022-02-22T02:47:42.211Z"}
error: 
    status - 500 
    message - Error: Operation `users.find()` buffering timed out after 10000ms
    at new MongooseError (/home/dell/Desktop/nodeProjects/fundooBackend/node_modules/mongoose/lib/error/mongooseError.js:7:1)
    at Timeout._onTimeout (/home/dell/Desktop/nodeProjects/fundooBackend/node_modules/mongoose/lib/drivers/node-mongodb-native/collection.js:198:23)
    at listOnTimeout (internal/timers.js:557:17)
    at processTimers (internal/timers.js:500:7) 
    url - /api/v1/users 
    method - GET 
    IP - ::1
   {"timestamp":"2022-02-22T02:48:02.345Z"}
error: 
    status - 500 
    message - Error: Operation `users.find()` buffering timed out after 10000ms
    at new MongooseError (/home/dell/Desktop/nodeProjects/fundooBackend/node_modules/mongoose/lib/error/mongooseError.js:7:1)
    at Timeout._onTimeout (/home/dell/Desktop/nodeProjects/fundooBackend/node_modules/mongoose/lib/drivers/node-mongodb-native/collection.js:198:23)
    at listOnTimeout (internal/timers.js:557:17)
    at processTimers (internal/timers.js:500:7) 
    url - /api/v1/users 
    method - GET 
    IP - ::ffff:127.0.0.1
   {"timestamp":"2022-02-22T02:49:47.527Z"}
error: 
    status - 500 
    message - Error: Operation `users.find()` buffering timed out after 10000ms
    at new MongooseError (/home/dell/Desktop/nodeProjects/fundooBackend/node_modules/mongoose/lib/error/mongooseError.js:7:1)
    at Timeout._onTimeout (/home/dell/Desktop/nodeProjects/fundooBackend/node_modules/mongoose/lib/drivers/node-mongodb-native/collection.js:198:23)
    at listOnTimeout (internal/timers.js:557:17)
    at processTimers (internal/timers.js:500:7) 
    url - /api/v1/users/ 
    method - GET 
    IP - ::ffff:127.0.0.1
   {"timestamp":"2022-02-22T02:51:35.068Z"}
error: 
    status - 500 
    message - Error: Operation `users.find()` buffering timed out after 10000ms
    at new MongooseError (/home/dell/Desktop/nodeProjects/fundooBackend/node_modules/mongoose/lib/error/mongooseError.js:7:1)
    at Timeout._onTimeout (/home/dell/Desktop/nodeProjects/fundooBackend/node_modules/mongoose/lib/drivers/node-mongodb-native/collection.js:198:23)
    at listOnTimeout (internal/timers.js:557:17)
    at processTimers (internal/timers.js:500:7) 
    url - /api/v1/users 
    method - GET 
    IP - ::ffff:127.0.0.1
   {"timestamp":"2022-02-22T02:54:53.847Z"}
error: 
    status - 500 
    message - Error: Operation `users.find()` buffering timed out after 10000ms
    at new MongooseError (/home/dell/Desktop/nodeProjects/fundooBackend/node_modules/mongoose/lib/error/mongooseError.js:7:1)
    at Timeout._onTimeout (/home/dell/Desktop/nodeProjects/fundooBackend/node_modules/mongoose/lib/drivers/node-mongodb-native/collection.js:198:23)
    at listOnTimeout (internal/timers.js:557:17)
    at processTimers (internal/timers.js:500:7) 
    url - /api/v1/users 
    method - GET 
    IP - ::ffff:127.0.0.1
   {"timestamp":"2022-02-22T02:55:49.411Z"}
error: 
    status - 500 
    message - Error: Operation `users.find()` buffering timed out after 10000ms
    at new MongooseError (/home/dell/Desktop/nodeProjects/fundooBackend/node_modules/mongoose/lib/error/mongooseError.js:7:1)
    at Timeout._onTimeout (/home/dell/Desktop/nodeProjects/fundooBackend/node_modules/mongoose/lib/drivers/node-mongodb-native/collection.js:198:23)
    at listOnTimeout (internal/timers.js:557:17)
    at processTimers (internal/timers.js:500:7) 
    url - /api/v1/users 
    method - GET 
    IP - ::ffff:127.0.0.1
   {"timestamp":"2022-02-22T02:56:14.793Z"}
error: 
    status - 500 
    message - Error: Operation `users.find()` buffering timed out after 10000ms
    at new MongooseError (/home/dell/Desktop/nodeProjects/fundooBackend/node_modules/mongoose/lib/error/mongooseError.js:7:1)
    at Timeout._onTimeout (/home/dell/Desktop/nodeProjects/fundooBackend/node_modules/mongoose/lib/drivers/node-mongodb-native/collection.js:198:23)
    at listOnTimeout (internal/timers.js:557:17)
    at processTimers (internal/timers.js:500:7) 
    url - /api/v1/users 
    method - GET 
    IP - ::ffff:127.0.0.1
   {"timestamp":"2022-02-22T03:02:22.887Z"}
error: 
    status - 500 
    message - Error: Operation `users.findOne()` buffering timed out after 10000ms
    at new MongooseError (/home/dell/Desktop/nodeProjects/fundooBackend/node_modules/mongoose/lib/error/mongooseError.js:7:1)
    at Timeout._onTimeout (/home/dell/Desktop/nodeProjects/fundooBackend/node_modules/mongoose/lib/drivers/node-mongodb-native/collection.js:198:23)
    at listOnTimeout (internal/timers.js:557:17)
    at processTimers (internal/timers.js:500:7) 
    url - /api/v1/users/login 
    method - POST 
    IP - ::ffff:127.0.0.1
   {"timestamp":"2022-02-22T03:03:42.484Z"}
info: Server started at http://localhost:3000/api/v1/ {"timestamp":"2022-02-22T03:04:11.703Z"}
info: Connected to the database. {"timestamp":"2022-02-22T03:04:11.718Z"}
info: Server started at http://localhost:3000/api/v1/ {"timestamp":"2022-02-22T07:34:43.276Z"}
info: Connected to the database. {"timestamp":"2022-02-22T07:34:43.294Z"}
error: 
    status - 500 
    message - Error: User not found, Please register.
    at _callee4$ (/home/dell/Desktop/nodeProjects/fundooBackend/src/services/user.service.js:37:11)
    at tryCatch (/home/dell/Desktop/nodeProjects/fundooBackend/node_modules/regenerator-runtime/runtime.js:63:40)
    at Generator.invoke [as _invoke] (/home/dell/Desktop/nodeProjects/fundooBackend/node_modules/regenerator-runtime/runtime.js:294:22)
    at Generator.next (/home/dell/Desktop/nodeProjects/fundooBackend/node_modules/regenerator-runtime/runtime.js:119:21)
    at asyncGeneratorStep (/home/dell/Desktop/nodeProjects/fundooBackend/node_modules/@babel/runtime/helpers/asyncToGenerator.js:3:24)
    at _next (/home/dell/Desktop/nodeProjects/fundooBackend/node_modules/@babel/runtime/helpers/asyncToGenerator.js:25:9)
    at processTicksAndRejections (internal/process/task_queues.js:95:5) 
    url - /api/v1/users/login 
    method - POST 
    IP - ::ffff:127.0.0.1
   {"timestamp":"2022-02-22T07:35:03.948Z"}
info: Server started at http://localhost:3000/api/v1/ {"timestamp":"2022-02-22T07:37:07.686Z"}
info: Connected to the database. {"timestamp":"2022-02-22T07:37:07.700Z"}
error: 
    status - 500 
    message - Error: Invalid password
    at _callee4$ (/home/dell/Desktop/nodeProjects/fundooBackend/src/services/user.service.js:44:13)
    at tryCatch (/home/dell/Desktop/nodeProjects/fundooBackend/node_modules/regenerator-runtime/runtime.js:63:40)
    at Generator.invoke [as _invoke] (/home/dell/Desktop/nodeProjects/fundooBackend/node_modules/regenerator-runtime/runtime.js:294:22)
    at Generator.next (/home/dell/Desktop/nodeProjects/fundooBackend/node_modules/regenerator-runtime/runtime.js:119:21)
    at asyncGeneratorStep (/home/dell/Desktop/nodeProjects/fundooBackend/node_modules/@babel/runtime/helpers/asyncToGenerator.js:3:24)
    at _next (/home/dell/Desktop/nodeProjects/fundooBackend/node_modules/@babel/runtime/helpers/asyncToGenerator.js:25:9) 
    url - /api/v1/users/login 
    method - POST 
    IP - ::ffff:127.0.0.1
   {"timestamp":"2022-02-22T11:38:44.529Z"}
error: 
    status - 500 
    message - Error: Invalid password
    at _callee4$ (/home/dell/Desktop/nodeProjects/fundooBackend/src/services/user.service.js:44:13)
    at tryCatch (/home/dell/Desktop/nodeProjects/fundooBackend/node_modules/regenerator-runtime/runtime.js:63:40)
    at Generator.invoke [as _invoke] (/home/dell/Desktop/nodeProjects/fundooBackend/node_modules/regenerator-runtime/runtime.js:294:22)
    at Generator.next (/home/dell/Desktop/nodeProjects/fundooBackend/node_modules/regenerator-runtime/runtime.js:119:21)
    at asyncGeneratorStep (/home/dell/Desktop/nodeProjects/fundooBackend/node_modules/@babel/runtime/helpers/asyncToGenerator.js:3:24)
    at _next (/home/dell/Desktop/nodeProjects/fundooBackend/node_modules/@babel/runtime/helpers/asyncToGenerator.js:25:9) 
    url - /api/v1/users/login 
    method - POST 
    IP - ::ffff:127.0.0.1
   {"timestamp":"2022-02-22T11:38:47.664Z"}
error: 
    status - 500 
    message - Error: User not found, Please register.
    at _callee4$ (/home/dell/Desktop/nodeProjects/fundooBackend/src/services/user.service.js:37:11)
    at tryCatch (/home/dell/Desktop/nodeProjects/fundooBackend/node_modules/regenerator-runtime/runtime.js:63:40)
    at Generator.invoke [as _invoke] (/home/dell/Desktop/nodeProjects/fundooBackend/node_modules/regenerator-runtime/runtime.js:294:22)
    at Generator.next (/home/dell/Desktop/nodeProjects/fundooBackend/node_modules/regenerator-runtime/runtime.js:119:21)
    at asyncGeneratorStep (/home/dell/Desktop/nodeProjects/fundooBackend/node_modules/@babel/runtime/helpers/asyncToGenerator.js:3:24)
    at _next (/home/dell/Desktop/nodeProjects/fundooBackend/node_modules/@babel/runtime/helpers/asyncToGenerator.js:25:9)
    at runMicrotasks (<anonymous>)
    at processTicksAndRejections (internal/process/task_queues.js:95:5) 
    url - /api/v1/users/login 
    method - POST 
    IP - ::ffff:127.0.0.1
   {"timestamp":"2022-02-22T11:38:58.328Z"}
info: Server started at http://localhost:3000/api/v1/ {"timestamp":"2022-02-22T11:40:37.962Z"}
info: Connected to the database. {"timestamp":"2022-02-22T11:40:37.976Z"}
