info: Server started at http://localhost:3000/api/v1/ {"timestamp":"2022-02-24T02:26:28.195Z"}
error: Could not connect to the database. connect ECONNREFUSED 127.0.0.1:27017 {"reason":{"commonWireVersion":null,"compatibilityError":null,"compatible":true,"heartbeatFrequencyMS":10000,"localThresholdMS":15,"logicalSessionTimeoutMinutes":null,"maxElectionId":null,"maxSetVersion":null,"servers":{},"setName":null,"stale":false,"type":"Single"},"stack":"Error: \n    at new MongooseError (/home/dell/Desktop/nodeProjects/fundooBackend/node_modules/mongoose/lib/error/mongooseError.js:7:1)\n    at new MongooseServerSelectionError (/home/dell/Desktop/nodeProjects/fundooBackend/node_modules/mongoose/lib/error/serverSelection.js:26:1)\n    at NativeConnection.Connection.openUri (/home/dell/Desktop/nodeProjects/fundooBackend/node_modules/mongoose/lib/connection.js:847:32)\n    at /home/dell/Desktop/nodeProjects/fundooBackend/node_modules/mongoose/lib/index.js:351:10\n    at /home/dell/Desktop/nodeProjects/fundooBackend/node_modules/mongoose/lib/helpers/promiseOrCallback.js:32:5\n    at new Promise (<anonymous>)\n    at promiseOrCallback (/home/dell/Desktop/nodeProjects/fundooBackend/node_modules/mongoose/lib/helpers/promiseOrCallback.js:31:10)\n    at Mongoose._promiseOrCallback (/home/dell/Desktop/nodeProjects/fundooBackend/node_modules/mongoose/lib/index.js:1149:10)","timestamp":"2022-02-24T02:26:58.202Z"}
info: Server started at http://localhost:3000/api/v1/ {"timestamp":"2022-02-24T02:27:38.630Z"}
info: Connected to the database. {"timestamp":"2022-02-24T02:27:38.646Z"}
info: Server started at http://localhost:3000/api/v1/ {"timestamp":"2022-02-24T04:08:24.344Z"}
info: Connected to the database. {"timestamp":"2022-02-24T04:08:24.371Z"}
info: Server started at http://localhost:3000/api/v1/ {"timestamp":"2022-02-24T06:42:39.331Z"}
info: Connected to the database. {"timestamp":"2022-02-24T06:42:39.345Z"}
info: Server started at http://localhost:3000/api/v1/ {"timestamp":"2022-02-24T07:54:45.063Z"}
info: Connected to the database. {"timestamp":"2022-02-24T07:54:45.080Z"}
info: Server started at http://localhost:3000/api/v1/ {"timestamp":"2022-02-24T07:54:48.428Z"}
info: Connected to the database. {"timestamp":"2022-02-24T07:54:48.440Z"}
info: Server started at http://localhost:3000/api/v1/ {"timestamp":"2022-02-24T07:58:59.925Z"}
info: Connected to the database. {"timestamp":"2022-02-24T07:58:59.940Z"}
info: Server started at http://localhost:3000/api/v1/ {"timestamp":"2022-02-24T08:03:35.782Z"}
info: Connected to the database. {"timestamp":"2022-02-24T08:03:35.796Z"}
info: Server started at http://localhost:3000/api/v1/ {"timestamp":"2022-02-24T08:07:38.052Z"}
info: Connected to the database. {"timestamp":"2022-02-24T08:07:38.066Z"}
info: Server started at http://localhost:3000/api/v1/ {"timestamp":"2022-02-24T08:10:06.730Z"}
info: Connected to the database. {"timestamp":"2022-02-24T08:10:06.745Z"}
info: Server started at http://localhost:3000/api/v1/ {"timestamp":"2022-02-24T08:11:12.991Z"}
info: Connected to the database. {"timestamp":"2022-02-24T08:11:13.005Z"}
info: Server started at http://localhost:3000/api/v1/ {"timestamp":"2022-02-24T08:11:32.893Z"}
info: Connected to the database. {"timestamp":"2022-02-24T08:11:32.909Z"}
info: Server started at http://localhost:3000/api/v1/ {"timestamp":"2022-02-24T08:12:00.203Z"}
info: Connected to the database. {"timestamp":"2022-02-24T08:12:00.217Z"}
error: 
      status - 2
      message - The field 'isDeleted' must be an array but is of type bool in document {_id: ObjectId('62173d3064ab8c209a400143')} 
      url - /api/v1/notes/trashNote 
      method - PUT 
      IP - ::ffff:127.0.0.1
     {"timestamp":"2022-02-24T08:12:05.946Z"}
error: 
    status - 500 
    message - RangeError [ERR_HTTP_INVALID_STATUS_CODE]: Invalid status code: 2
    at new NodeError (internal/errors.js:322:7)
    at ServerResponse.writeHead (_http_server.js:259:11)
    at ServerResponse.writeHead (/home/dell/Desktop/nodeProjects/fundooBackend/node_modules/on-headers/index.js:44:26)
    at ServerResponse._implicitHeader (_http_server.js:250:8)
    at write_ (_http_outgoing.js:711:9)
    at ServerResponse.end (_http_outgoing.js:825:5)
    at ServerResponse.send (/home/dell/Desktop/nodeProjects/fundooBackend/node_modules/express/lib/response.js:221:10)
    at ServerResponse.json (/home/dell/Desktop/nodeProjects/fundooBackend/node_modules/express/lib/response.js:267:15)
    at appErrorHandler (/home/dell/Desktop/nodeProjects/fundooBackend/src/middlewares/error.middleware.js:36:26)
    at Layer.handle_error (/home/dell/Desktop/nodeProjects/fundooBackend/node_modules/express/lib/router/layer.js:71:5) 
    url - /api/v1/notes/trashNote 
    method - PUT 
    IP - ::ffff:127.0.0.1
   {"timestamp":"2022-02-24T08:12:05.952Z"}
error: 
      status - 2
      message - The field 'isDeleted' must be an array but is of type bool in document {_id: ObjectId('62173d3064ab8c209a400143')} 
      url - /api/v1/notes/trashNote 
      method - PUT 
      IP - ::ffff:127.0.0.1
     {"timestamp":"2022-02-24T08:12:10.306Z"}
error: 
    status - 500 
    message - RangeError [ERR_HTTP_INVALID_STATUS_CODE]: Invalid status code: 2
    at new NodeError (internal/errors.js:322:7)
    at ServerResponse.writeHead (_http_server.js:259:11)
    at ServerResponse.writeHead (/home/dell/Desktop/nodeProjects/fundooBackend/node_modules/on-headers/index.js:44:26)
    at ServerResponse._implicitHeader (_http_server.js:250:8)
    at write_ (_http_outgoing.js:711:9)
    at ServerResponse.end (_http_outgoing.js:825:5)
    at ServerResponse.send (/home/dell/Desktop/nodeProjects/fundooBackend/node_modules/express/lib/response.js:221:10)
    at ServerResponse.json (/home/dell/Desktop/nodeProjects/fundooBackend/node_modules/express/lib/response.js:267:15)
    at appErrorHandler (/home/dell/Desktop/nodeProjects/fundooBackend/src/middlewares/error.middleware.js:36:26)
    at Layer.handle_error (/home/dell/Desktop/nodeProjects/fundooBackend/node_modules/express/lib/router/layer.js:71:5) 
    url - /api/v1/notes/trashNote 
    method - PUT 
    IP - ::ffff:127.0.0.1
   {"timestamp":"2022-02-24T08:12:10.307Z"}
info: Server started at http://localhost:3000/api/v1/ {"timestamp":"2022-02-24T08:12:49.246Z"}
info: Connected to the database. {"timestamp":"2022-02-24T08:12:49.259Z"}
info: Server started at http://localhost:3000/api/v1/ {"timestamp":"2022-02-24T08:15:21.651Z"}
info: Connected to the database. {"timestamp":"2022-02-24T08:15:21.664Z"}
info: Server started at http://localhost:3000/api/v1/ {"timestamp":"2022-02-24T08:16:45.100Z"}
info: Connected to the database. {"timestamp":"2022-02-24T08:16:45.114Z"}
info: Server started at http://localhost:3000/api/v1/ {"timestamp":"2022-02-24T08:17:30.123Z"}
info: Connected to the database. {"timestamp":"2022-02-24T08:17:30.135Z"}
info: Server started at http://localhost:3000/api/v1/ {"timestamp":"2022-02-24T08:19:32.155Z"}
info: Connected to the database. {"timestamp":"2022-02-24T08:19:32.168Z"}
info: Server started at http://localhost:3000/api/v1/ {"timestamp":"2022-02-24T08:21:14.103Z"}
info: Connected to the database. {"timestamp":"2022-02-24T08:21:14.118Z"}
info: Server started at http://localhost:3000/api/v1/ {"timestamp":"2022-02-24T08:22:20.160Z"}
info: Connected to the database. {"timestamp":"2022-02-24T08:22:20.175Z"}
info: Server started at http://localhost:3000/api/v1/ {"timestamp":"2022-02-24T08:24:01.569Z"}
info: Connected to the database. {"timestamp":"2022-02-24T08:24:01.586Z"}
info: Server started at http://localhost:3000/api/v1/ {"timestamp":"2022-02-24T08:24:17.704Z"}
info: Connected to the database. {"timestamp":"2022-02-24T08:24:17.717Z"}
info: Server started at http://localhost:3000/api/v1/ {"timestamp":"2022-02-24T08:24:19.176Z"}
info: Connected to the database. {"timestamp":"2022-02-24T08:24:19.190Z"}
error: 
    status - 500 
    message - SyntaxError: Unexpected token : in JSON at position 111
    at JSON.parse (<anonymous>)
    at parse (/home/dell/Desktop/nodeProjects/fundooBackend/node_modules/body-parser/lib/types/json.js:89:19)
    at /home/dell/Desktop/nodeProjects/fundooBackend/node_modules/body-parser/lib/read.js:121:18
    at invokeCallback (/home/dell/Desktop/nodeProjects/fundooBackend/node_modules/raw-body/index.js:224:16)
    at done (/home/dell/Desktop/nodeProjects/fundooBackend/node_modules/raw-body/index.js:213:7)
    at IncomingMessage.onEnd (/home/dell/Desktop/nodeProjects/fundooBackend/node_modules/raw-body/index.js:273:7)
    at IncomingMessage.emit (events.js:412:35)
    at IncomingMessage.emit (domain.js:475:12)
    at endReadableNT (internal/streams/readable.js:1334:12)
    at processTicksAndRejections (internal/process/task_queues.js:82:21) 
    url - /api/v1/notes/addNote 
    method - POST 
    IP - ::ffff:127.0.0.1
   {"timestamp":"2022-02-24T08:25:27.209Z"}
info: Server started at http://localhost:3000/api/v1/ {"timestamp":"2022-02-24T08:29:59.769Z"}
info: Connected to the database. {"timestamp":"2022-02-24T08:29:59.782Z"}
info: Server started at http://localhost:3000/api/v1/ {"timestamp":"2022-02-24T08:30:03.856Z"}
info: Connected to the database. {"timestamp":"2022-02-24T08:30:03.870Z"}
info: Server started at http://localhost:3000/api/v1/ {"timestamp":"2022-02-24T08:43:53.960Z"}
info: Connected to the database. {"timestamp":"2022-02-24T08:43:53.973Z"}
info: Server started at http://localhost:3000/api/v1/ {"timestamp":"2022-02-24T08:46:30.079Z"}
info: Connected to the database. {"timestamp":"2022-02-24T08:46:30.093Z"}
error: 
    status - 500 
    message - TypeError: Cannot read property 'id' of undefined
    at _callee$ (/home/dell/Desktop/nodeProjects/fundooBackend/src/controllers/note.controller.js:13:34)
    at tryCatch (/home/dell/Desktop/nodeProjects/fundooBackend/node_modules/regenerator-runtime/runtime.js:63:40)
    at Generator.invoke [as _invoke] (/home/dell/Desktop/nodeProjects/fundooBackend/node_modules/regenerator-runtime/runtime.js:294:22)
    at Generator.next (/home/dell/Desktop/nodeProjects/fundooBackend/node_modules/regenerator-runtime/runtime.js:119:21)
    at asyncGeneratorStep (/home/dell/Desktop/nodeProjects/fundooBackend/node_modules/@babel/runtime/helpers/asyncToGenerator.js:3:24)
    at _next (/home/dell/Desktop/nodeProjects/fundooBackend/node_modules/@babel/runtime/helpers/asyncToGenerator.js:25:9)
    at /home/dell/Desktop/nodeProjects/fundooBackend/node_modules/@babel/runtime/helpers/asyncToGenerator.js:32:7
    at new Promise (<anonymous>)
    at /home/dell/Desktop/nodeProjects/fundooBackend/node_modules/@babel/runtime/helpers/asyncToGenerator.js:21:12
    at addNote (/home/dell/Desktop/nodeProjects/fundooBackend/src/controllers/note.controller.js:11:22) 
    url - /api/v1/notes/addNote 
    method - POST 
    IP - ::ffff:127.0.0.1
   {"timestamp":"2022-02-24T08:46:58.845Z"}
info: Server started at http://localhost:3000/api/v1/ {"timestamp":"2022-02-24T08:47:55.466Z"}
info: Connected to the database. {"timestamp":"2022-02-24T08:47:55.481Z"}
info: Server started at http://localhost:3000/api/v1/ {"timestamp":"2022-02-24T08:48:39.463Z"}
info: Connected to the database. {"timestamp":"2022-02-24T08:48:39.478Z"}
info: Server started at http://localhost:3000/api/v1/ {"timestamp":"2022-02-24T08:49:00.247Z"}
info: Connected to the database. {"timestamp":"2022-02-24T08:49:00.260Z"}
error: 
    status - 500 
    message - TypeError: Cannot read property 'id' of undefined
    at _callee$ (/home/dell/Desktop/nodeProjects/fundooBackend/src/controllers/note.controller.js:13:34)
    at tryCatch (/home/dell/Desktop/nodeProjects/fundooBackend/node_modules/regenerator-runtime/runtime.js:63:40)
    at Generator.invoke [as _invoke] (/home/dell/Desktop/nodeProjects/fundooBackend/node_modules/regenerator-runtime/runtime.js:294:22)
    at Generator.next (/home/dell/Desktop/nodeProjects/fundooBackend/node_modules/regenerator-runtime/runtime.js:119:21)
    at asyncGeneratorStep (/home/dell/Desktop/nodeProjects/fundooBackend/node_modules/@babel/runtime/helpers/asyncToGenerator.js:3:24)
    at _next (/home/dell/Desktop/nodeProjects/fundooBackend/node_modules/@babel/runtime/helpers/asyncToGenerator.js:25:9)
    at /home/dell/Desktop/nodeProjects/fundooBackend/node_modules/@babel/runtime/helpers/asyncToGenerator.js:32:7
    at new Promise (<anonymous>)
    at /home/dell/Desktop/nodeProjects/fundooBackend/node_modules/@babel/runtime/helpers/asyncToGenerator.js:21:12
    at addNote (/home/dell/Desktop/nodeProjects/fundooBackend/src/controllers/note.controller.js:11:22) 
    url - /api/v1/notes/addNote 
    method - POST 
    IP - ::ffff:127.0.0.1
   {"timestamp":"2022-02-24T08:49:10.503Z"}
info: Server started at http://localhost:3000/api/v1/ {"timestamp":"2022-02-24T09:31:50.732Z"}
info: Connected to the database. {"timestamp":"2022-02-24T09:31:50.747Z"}
info: Server started at http://localhost:3000/api/v1/ {"timestamp":"2022-02-24T09:32:40.936Z"}
info: Connected to the database. {"timestamp":"2022-02-24T09:32:40.948Z"}
info: Server started at http://localhost:3000/api/v1/ {"timestamp":"2022-02-24T09:33:41.151Z"}
info: Connected to the database. {"timestamp":"2022-02-24T09:33:41.164Z"}
info: Server started at http://localhost:3000/api/v1/ {"timestamp":"2022-02-24T09:33:50.430Z"}
info: Connected to the database. {"timestamp":"2022-02-24T09:33:50.444Z"}
error: 
      status - 400
      message - Authorization token is required 
      url - /api/v1/notes/addNote 
      method - POST 
      IP - ::ffff:127.0.0.1
     {"timestamp":"2022-02-24T09:33:55.702Z"}
info: Server started at http://localhost:3000/api/v1/ {"timestamp":"2022-02-24T09:34:39.962Z"}
info: Connected to the database. {"timestamp":"2022-02-24T09:34:39.978Z"}
info: Server started at http://localhost:3000/api/v1/ {"timestamp":"2022-02-24T09:36:39.540Z"}
info: Connected to the database. {"timestamp":"2022-02-24T09:36:39.555Z"}
info: Server started at http://localhost:3000/api/v1/ {"timestamp":"2022-02-24T09:37:54.798Z"}
info: Connected to the database. {"timestamp":"2022-02-24T09:37:54.816Z"}
info: Server started at http://localhost:3000/api/v1/ {"timestamp":"2022-02-24T09:38:34.042Z"}
info: Connected to the database. {"timestamp":"2022-02-24T09:38:34.056Z"}
info: Server started at http://localhost:3000/api/v1/ {"timestamp":"2022-02-24T09:40:10.380Z"}
info: Connected to the database. {"timestamp":"2022-02-24T09:40:10.394Z"}
info: Server started at http://localhost:3000/api/v1/ {"timestamp":"2022-02-24T09:40:57.828Z"}
info: Connected to the database. {"timestamp":"2022-02-24T09:40:57.843Z"}
info: Server started at http://localhost:3000/api/v1/ {"timestamp":"2022-02-24T09:42:06.026Z"}
info: Connected to the database. {"timestamp":"2022-02-24T09:42:06.039Z"}
info: Server started at http://localhost:3000/api/v1/ {"timestamp":"2022-02-24T09:42:41.035Z"}
info: Connected to the database. {"timestamp":"2022-02-24T09:42:41.052Z"}
info: Server started at http://localhost:3000/api/v1/ {"timestamp":"2022-02-24T09:43:28.428Z"}
info: Connected to the database. {"timestamp":"2022-02-24T09:43:28.442Z"}
error: 
      status - 400
      message - Authorization token is required 
      url - /api/v1/notes/addNote 
      method - POST 
      IP - ::ffff:127.0.0.1
     {"timestamp":"2022-02-24T09:43:33.066Z"}
error: 
    status - 500 
    message - Error: User not found, Please register.
    at _callee4$ (/home/dell/Desktop/nodeProjects/fundooBackend/src/services/user.service.js:38:11)
    at tryCatch (/home/dell/Desktop/nodeProjects/fundooBackend/node_modules/regenerator-runtime/runtime.js:63:40)
    at Generator.invoke [as _invoke] (/home/dell/Desktop/nodeProjects/fundooBackend/node_modules/regenerator-runtime/runtime.js:294:22)
    at Generator.next (/home/dell/Desktop/nodeProjects/fundooBackend/node_modules/regenerator-runtime/runtime.js:119:21)
    at asyncGeneratorStep (/home/dell/Desktop/nodeProjects/fundooBackend/node_modules/@babel/runtime/helpers/asyncToGenerator.js:3:24)
    at _next (/home/dell/Desktop/nodeProjects/fundooBackend/node_modules/@babel/runtime/helpers/asyncToGenerator.js:25:9)
    at processTicksAndRejections (internal/process/task_queues.js:95:5) 
    url - /api/v1/users/login 
    method - POST 
    IP - ::ffff:127.0.0.1
   {"timestamp":"2022-02-24T09:48:20.990Z"}
error: 
      status - 400
      message - Authorization token is required 
      url - /api/v1/notes/addNote 
      method - POST 
      IP - ::ffff:127.0.0.1
     {"timestamp":"2022-02-24T09:49:53.152Z"}
error: 
      status - 400
      message - Authorization token is required 
      url - /api/v1/notes/addNote 
      method - POST 
      IP - ::ffff:127.0.0.1
     {"timestamp":"2022-02-24T09:50:15.638Z"}
info: Server started at http://localhost:3000/api/v1/ {"timestamp":"2022-02-24T09:51:21.231Z"}
info: Connected to the database. {"timestamp":"2022-02-24T09:51:21.254Z"}
info: Server started at http://localhost:3000/api/v1/ {"timestamp":"2022-02-24T09:52:37.112Z"}
info: Connected to the database. {"timestamp":"2022-02-24T09:52:37.129Z"}
info: Server started at http://localhost:3000/api/v1/ {"timestamp":"2022-02-24T09:54:03.996Z"}
info: Connected to the database. {"timestamp":"2022-02-24T09:54:04.009Z"}
info: Server started at http://localhost:3000/api/v1/ {"timestamp":"2022-02-24T09:55:29.991Z"}
info: Connected to the database. {"timestamp":"2022-02-24T09:55:30.014Z"}
info: Server started at http://localhost:3000/api/v1/ {"timestamp":"2022-02-24T09:56:57.352Z"}
info: Connected to the database. {"timestamp":"2022-02-24T09:56:57.366Z"}
info: Server started at http://localhost:3000/api/v1/ {"timestamp":"2022-02-24T09:58:25.002Z"}
info: Connected to the database. {"timestamp":"2022-02-24T09:58:25.019Z"}
info: Server started at http://localhost:3000/api/v1/ {"timestamp":"2022-02-24T09:59:11.540Z"}
info: Connected to the database. {"timestamp":"2022-02-24T09:59:11.565Z"}
info: Server started at http://localhost:3000/api/v1/ {"timestamp":"2022-02-24T09:59:48.333Z"}
info: Connected to the database. {"timestamp":"2022-02-24T09:59:48.349Z"}
info: Server started at http://localhost:3000/api/v1/ {"timestamp":"2022-02-24T10:00:30.417Z"}
info: Connected to the database. {"timestamp":"2022-02-24T10:00:30.431Z"}
info: Server started at http://localhost:3000/api/v1/ {"timestamp":"2022-02-24T10:01:00.105Z"}
info: Connected to the database. {"timestamp":"2022-02-24T10:01:00.122Z"}
info: Server started at http://localhost:3000/api/v1/ {"timestamp":"2022-02-24T10:01:54.763Z"}
info: Connected to the database. {"timestamp":"2022-02-24T10:01:54.783Z"}
error: 
    status - 500 
    message - TypeError: Cannot read property 'id' of undefined
    at _callee$ (/home/dell/Desktop/nodeProjects/fundooBackend/src/controllers/note.controller.js:13:34)
    at tryCatch (/home/dell/Desktop/nodeProjects/fundooBackend/node_modules/regenerator-runtime/runtime.js:63:40)
    at Generator.invoke [as _invoke] (/home/dell/Desktop/nodeProjects/fundooBackend/node_modules/regenerator-runtime/runtime.js:294:22)
    at Generator.next (/home/dell/Desktop/nodeProjects/fundooBackend/node_modules/regenerator-runtime/runtime.js:119:21)
    at asyncGeneratorStep (/home/dell/Desktop/nodeProjects/fundooBackend/node_modules/@babel/runtime/helpers/asyncToGenerator.js:3:24)
    at _next (/home/dell/Desktop/nodeProjects/fundooBackend/node_modules/@babel/runtime/helpers/asyncToGenerator.js:25:9)
    at /home/dell/Desktop/nodeProjects/fundooBackend/node_modules/@babel/runtime/helpers/asyncToGenerator.js:32:7
    at new Promise (<anonymous>)
    at /home/dell/Desktop/nodeProjects/fundooBackend/node_modules/@babel/runtime/helpers/asyncToGenerator.js:21:12
    at addNote (/home/dell/Desktop/nodeProjects/fundooBackend/src/controllers/note.controller.js:11:22) 
    url - /api/v1/notes/addNote 
    method - POST 
    IP - ::ffff:127.0.0.1
   {"timestamp":"2022-02-24T10:02:00.188Z"}
info: Server started at http://localhost:3000/api/v1/ {"timestamp":"2022-02-24T10:02:36.706Z"}
info: Connected to the database. {"timestamp":"2022-02-24T10:02:36.719Z"}
error: 
    status - 500 
    message - TypeError: Cannot read property 'id' of undefined
    at _callee$ (/home/dell/Desktop/nodeProjects/fundooBackend/src/controllers/note.controller.js:14:39)
    at tryCatch (/home/dell/Desktop/nodeProjects/fundooBackend/node_modules/regenerator-runtime/runtime.js:63:40)
    at Generator.invoke [as _invoke] (/home/dell/Desktop/nodeProjects/fundooBackend/node_modules/regenerator-runtime/runtime.js:294:22)
    at Generator.next (/home/dell/Desktop/nodeProjects/fundooBackend/node_modules/regenerator-runtime/runtime.js:119:21)
    at asyncGeneratorStep (/home/dell/Desktop/nodeProjects/fundooBackend/node_modules/@babel/runtime/helpers/asyncToGenerator.js:3:24)
    at _next (/home/dell/Desktop/nodeProjects/fundooBackend/node_modules/@babel/runtime/helpers/asyncToGenerator.js:25:9)
    at /home/dell/Desktop/nodeProjects/fundooBackend/node_modules/@babel/runtime/helpers/asyncToGenerator.js:32:7
    at new Promise (<anonymous>)
    at /home/dell/Desktop/nodeProjects/fundooBackend/node_modules/@babel/runtime/helpers/asyncToGenerator.js:21:12
    at addNote (/home/dell/Desktop/nodeProjects/fundooBackend/src/controllers/note.controller.js:11:22) 
    url - /api/v1/notes/addNote 
    method - POST 
    IP - ::ffff:127.0.0.1
   {"timestamp":"2022-02-24T10:02:43.781Z"}
info: Server started at http://localhost:3000/api/v1/ {"timestamp":"2022-02-24T10:03:43.448Z"}
info: Connected to the database. {"timestamp":"2022-02-24T10:03:43.465Z"}
info: Server started at http://localhost:3000/api/v1/ {"timestamp":"2022-02-24T10:04:30.734Z"}
info: Connected to the database. {"timestamp":"2022-02-24T10:04:30.746Z"}
info: Server started at http://localhost:3000/api/v1/ {"timestamp":"2022-02-24T10:04:53.974Z"}
info: Connected to the database. {"timestamp":"2022-02-24T10:04:53.991Z"}
info: Server started at http://localhost:3000/api/v1/ {"timestamp":"2022-02-24T10:06:41.815Z"}
info: Connected to the database. {"timestamp":"2022-02-24T10:06:41.831Z"}
info: Server started at http://localhost:3000/api/v1/ {"timestamp":"2022-02-24T10:11:00.666Z"}
info: Connected to the database. {"timestamp":"2022-02-24T10:11:00.678Z"}
info: Server started at http://localhost:3000/api/v1/ {"timestamp":"2022-02-24T10:12:19.406Z"}
info: Connected to the database. {"timestamp":"2022-02-24T10:12:19.419Z"}
info: Server started at http://localhost:3000/api/v1/ {"timestamp":"2022-02-24T10:14:37.575Z"}
info: Connected to the database. {"timestamp":"2022-02-24T10:14:37.590Z"}
info: Server started at http://localhost:3000/api/v1/ {"timestamp":"2022-02-24T10:25:51.116Z"}
info: Connected to the database. {"timestamp":"2022-02-24T10:25:51.131Z"}
error: 
    status - 500 
    message - ReferenceError: eq is not defined
    at _callee$ (/home/dell/Desktop/nodeProjects/fundooBackend/src/controllers/note.controller.js:14:25)
    at tryCatch (/home/dell/Desktop/nodeProjects/fundooBackend/node_modules/regenerator-runtime/runtime.js:63:40)
    at Generator.invoke [as _invoke] (/home/dell/Desktop/nodeProjects/fundooBackend/node_modules/regenerator-runtime/runtime.js:294:22)
    at Generator.next (/home/dell/Desktop/nodeProjects/fundooBackend/node_modules/regenerator-runtime/runtime.js:119:21)
    at asyncGeneratorStep (/home/dell/Desktop/nodeProjects/fundooBackend/node_modules/@babel/runtime/helpers/asyncToGenerator.js:3:24)
    at _next (/home/dell/Desktop/nodeProjects/fundooBackend/node_modules/@babel/runtime/helpers/asyncToGenerator.js:25:9)
    at /home/dell/Desktop/nodeProjects/fundooBackend/node_modules/@babel/runtime/helpers/asyncToGenerator.js:32:7
    at new Promise (<anonymous>)
    at /home/dell/Desktop/nodeProjects/fundooBackend/node_modules/@babel/runtime/helpers/asyncToGenerator.js:21:12
    at addNote (/home/dell/Desktop/nodeProjects/fundooBackend/src/controllers/note.controller.js:11:22) 
    url - /api/v1/notes/addNote 
    method - POST 
    IP - ::ffff:127.0.0.1
   {"timestamp":"2022-02-24T10:26:10.835Z"}
error: 
    status - 500 
    message - ReferenceError: eq is not defined
    at _callee$ (/home/dell/Desktop/nodeProjects/fundooBackend/src/controllers/note.controller.js:14:25)
    at tryCatch (/home/dell/Desktop/nodeProjects/fundooBackend/node_modules/regenerator-runtime/runtime.js:63:40)
    at Generator.invoke [as _invoke] (/home/dell/Desktop/nodeProjects/fundooBackend/node_modules/regenerator-runtime/runtime.js:294:22)
    at Generator.next (/home/dell/Desktop/nodeProjects/fundooBackend/node_modules/regenerator-runtime/runtime.js:119:21)
    at asyncGeneratorStep (/home/dell/Desktop/nodeProjects/fundooBackend/node_modules/@babel/runtime/helpers/asyncToGenerator.js:3:24)
    at _next (/home/dell/Desktop/nodeProjects/fundooBackend/node_modules/@babel/runtime/helpers/asyncToGenerator.js:25:9)
    at /home/dell/Desktop/nodeProjects/fundooBackend/node_modules/@babel/runtime/helpers/asyncToGenerator.js:32:7
    at new Promise (<anonymous>)
    at /home/dell/Desktop/nodeProjects/fundooBackend/node_modules/@babel/runtime/helpers/asyncToGenerator.js:21:12
    at addNote (/home/dell/Desktop/nodeProjects/fundooBackend/src/controllers/note.controller.js:11:22) 
    url - /api/v1/notes/addNote 
    method - POST 
    IP - ::ffff:127.0.0.1
   {"timestamp":"2022-02-24T10:26:47.099Z"}
error: 
    status - 500 
    message - ReferenceError: eq is not defined
    at _callee$ (/home/dell/Desktop/nodeProjects/fundooBackend/src/controllers/note.controller.js:14:25)
    at tryCatch (/home/dell/Desktop/nodeProjects/fundooBackend/node_modules/regenerator-runtime/runtime.js:63:40)
    at Generator.invoke [as _invoke] (/home/dell/Desktop/nodeProjects/fundooBackend/node_modules/regenerator-runtime/runtime.js:294:22)
    at Generator.next (/home/dell/Desktop/nodeProjects/fundooBackend/node_modules/regenerator-runtime/runtime.js:119:21)
    at asyncGeneratorStep (/home/dell/Desktop/nodeProjects/fundooBackend/node_modules/@babel/runtime/helpers/asyncToGenerator.js:3:24)
    at _next (/home/dell/Desktop/nodeProjects/fundooBackend/node_modules/@babel/runtime/helpers/asyncToGenerator.js:25:9)
    at /home/dell/Desktop/nodeProjects/fundooBackend/node_modules/@babel/runtime/helpers/asyncToGenerator.js:32:7
    at new Promise (<anonymous>)
    at /home/dell/Desktop/nodeProjects/fundooBackend/node_modules/@babel/runtime/helpers/asyncToGenerator.js:21:12
    at addNote (/home/dell/Desktop/nodeProjects/fundooBackend/src/controllers/note.controller.js:11:22) 
    url - /api/v1/notes/addNote 
    method - POST 
    IP - ::ffff:127.0.0.1
   {"timestamp":"2022-02-24T10:26:48.120Z"}
info: Server started at http://localhost:3000/api/v1/ {"timestamp":"2022-02-24T10:27:18.469Z"}
info: Connected to the database. {"timestamp":"2022-02-24T10:27:18.489Z"}
info: Server started at http://localhost:3000/api/v1/ {"timestamp":"2022-02-24T11:37:24.581Z"}
info: Connected to the database. {"timestamp":"2022-02-24T11:37:24.595Z"}
info: Server started at http://localhost:3000/api/v1/ {"timestamp":"2022-02-24T11:38:18.453Z"}
info: Connected to the database. {"timestamp":"2022-02-24T11:38:18.469Z"}
info: Server started at http://localhost:3000/api/v1/ {"timestamp":"2022-02-24T11:39:44.858Z"}
info: Connected to the database. {"timestamp":"2022-02-24T11:39:44.876Z"}
info: Server started at http://localhost:3000/api/v1/ {"timestamp":"2022-02-24T11:42:53.926Z"}
info: Connected to the database. {"timestamp":"2022-02-24T11:42:53.941Z"}
info: Server started at http://localhost:3000/api/v1/ {"timestamp":"2022-02-24T11:43:22.246Z"}
info: Connected to the database. {"timestamp":"2022-02-24T11:43:22.263Z"}
info: Server started at http://localhost:3000/api/v1/ {"timestamp":"2022-02-24T11:49:41.551Z"}
info: Connected to the database. {"timestamp":"2022-02-24T11:49:41.566Z"}
info: Server started at http://localhost:3000/api/v1/ {"timestamp":"2022-02-24T11:50:07.229Z"}
info: Connected to the database. {"timestamp":"2022-02-24T11:50:07.245Z"}
info: Server started at http://localhost:3000/api/v1/ {"timestamp":"2022-02-24T11:50:36.661Z"}
info: Connected to the database. {"timestamp":"2022-02-24T11:50:36.674Z"}
error: 
    status - 500 
    message - Error: Cast to undefined failed for value undefined at path "undefined"
    at new MongooseError (/home/dell/Desktop/nodeProjects/fundooBackend/node_modules/mongoose/lib/error/mongooseError.js:7:1)
    at new CastError (/home/dell/Desktop/nodeProjects/fundooBackend/node_modules/mongoose/lib/error/cast.js:31:7)
    at model.Query.exec (/home/dell/Desktop/nodeProjects/fundooBackend/node_modules/mongoose/lib/query.js:4498:21)
    at model.Query.Query.then (/home/dell/Desktop/nodeProjects/fundooBackend/node_modules/mongoose/lib/query.js:4592:15)
    at processTicksAndRejections (internal/process/task_queues.js:95:5) 
    url - /api/v1/notes/getAllNotes 
    method - GET 
    IP - ::ffff:127.0.0.1
   {"timestamp":"2022-02-24T11:50:55.014Z"}
info: Server started at http://localhost:3000/api/v1/ {"timestamp":"2022-02-24T11:51:56.069Z"}
info: Connected to the database. {"timestamp":"2022-02-24T11:51:56.089Z"}
info: Server started at http://localhost:3000/api/v1/ {"timestamp":"2022-02-24T11:55:08.076Z"}
info: Connected to the database. {"timestamp":"2022-02-24T11:55:08.094Z"}
info: Server started at http://localhost:3000/api/v1/ {"timestamp":"2022-02-24T11:55:42.384Z"}
info: Connected to the database. {"timestamp":"2022-02-24T11:55:42.401Z"}
info: Server started at http://localhost:3000/api/v1/ {"timestamp":"2022-02-24T11:59:04.682Z"}
info: Connected to the database. {"timestamp":"2022-02-24T11:59:04.697Z"}
error: 
    status - 500 
    message - Error: Parameter "filter" to find() must be an object, got 6213923d74b12c84f3153bdc
    at new MongooseError (/home/dell/Desktop/nodeProjects/fundooBackend/node_modules/mongoose/lib/error/mongooseError.js:7:1)
    at new ObjectParameterError (/home/dell/Desktop/nodeProjects/fundooBackend/node_modules/mongoose/lib/error/objectParameter.js:20:5)
    at model.Query.Query.find (/home/dell/Desktop/nodeProjects/fundooBackend/node_modules/mongoose/lib/query.js:2098:16)
    at Function.find (/home/dell/Desktop/nodeProjects/fundooBackend/node_modules/mongoose/lib/model.js:2157:13)
    at _callee2$ (/home/dell/Desktop/nodeProjects/fundooBackend/src/services/note.service.js:13:30)
    at tryCatch (/home/dell/Desktop/nodeProjects/fundooBackend/node_modules/regenerator-runtime/runtime.js:63:40)
    at Generator.invoke [as _invoke] (/home/dell/Desktop/nodeProjects/fundooBackend/node_modules/regenerator-runtime/runtime.js:294:22)
    at Generator.next (/home/dell/Desktop/nodeProjects/fundooBackend/node_modules/regenerator-runtime/runtime.js:119:21) 
    url - /api/v1/notes/getAllNotes 
    method - GET 
    IP - ::ffff:127.0.0.1
   {"timestamp":"2022-02-24T11:59:08.295Z"}
error: 
    status - 500 
    message - Error: Parameter "filter" to find() must be an object, got 6213923d74b12c84f3153bdc
    at new MongooseError (/home/dell/Desktop/nodeProjects/fundooBackend/node_modules/mongoose/lib/error/mongooseError.js:7:1)
    at new ObjectParameterError (/home/dell/Desktop/nodeProjects/fundooBackend/node_modules/mongoose/lib/error/objectParameter.js:20:5)
    at model.Query.Query.find (/home/dell/Desktop/nodeProjects/fundooBackend/node_modules/mongoose/lib/query.js:2098:16)
    at Function.find (/home/dell/Desktop/nodeProjects/fundooBackend/node_modules/mongoose/lib/model.js:2157:13)
    at _callee2$ (/home/dell/Desktop/nodeProjects/fundooBackend/src/services/note.service.js:13:30)
    at tryCatch (/home/dell/Desktop/nodeProjects/fundooBackend/node_modules/regenerator-runtime/runtime.js:63:40)
    at Generator.invoke [as _invoke] (/home/dell/Desktop/nodeProjects/fundooBackend/node_modules/regenerator-runtime/runtime.js:294:22)
    at Generator.next (/home/dell/Desktop/nodeProjects/fundooBackend/node_modules/regenerator-runtime/runtime.js:119:21) 
    url - /api/v1/notes/getAllNotes 
    method - GET 
    IP - ::ffff:127.0.0.1
   {"timestamp":"2022-02-24T11:59:09.997Z"}
info: Server started at http://localhost:3000/api/v1/ {"timestamp":"2022-02-24T11:59:41.497Z"}
info: Connected to the database. {"timestamp":"2022-02-24T11:59:41.513Z"}
error: 
    status - 500 
    message - Error: "lastName" length must be at least 4 characters long
    at new exports.ValidationError (/home/dell/Desktop/nodeProjects/fundooBackend/node_modules/@hapi/joi/lib/errors.js:246:9)
    at Object.exports.process (/home/dell/Desktop/nodeProjects/fundooBackend/node_modules/@hapi/joi/lib/errors.js:189:29)
    at Object.internals.entry (/home/dell/Desktop/nodeProjects/fundooBackend/node_modules/@hapi/joi/lib/validator.js:140:26)
    at Object.exports.entry (/home/dell/Desktop/nodeProjects/fundooBackend/node_modules/@hapi/joi/lib/validator.js:26:30)
    at internals.Base.validate (/home/dell/Desktop/nodeProjects/fundooBackend/node_modules/@hapi/joi/lib/base.js:534:26)
    at newUserValidator (/home/dell/Desktop/nodeProjects/fundooBackend/src/validators/user.validator.js:10:35)
    at Layer.handle [as handle_request] (/home/dell/Desktop/nodeProjects/fundooBackend/node_modules/express/lib/router/layer.js:95:5)
    at next (/home/dell/Desktop/nodeProjects/fundooBackend/node_modules/express/lib/router/route.js:137:13) 
    url - /api/v1/users/register 
    method - POST 
    IP - ::ffff:127.0.0.1
   {"timestamp":"2022-02-24T12:10:41.926Z"}
info: Server started at http://localhost:3000/api/v1/ {"timestamp":"2022-02-24T12:53:43.891Z"}
info: Connected to the database. {"timestamp":"2022-02-24T12:53:43.951Z"}
error: 
    status - 500 
    message - Error: "firstName" is required
    at new exports.ValidationError (/home/dell/Desktop/nodeProjects/fundooBackend/node_modules/@hapi/joi/lib/errors.js:246:9)
    at Object.exports.process (/home/dell/Desktop/nodeProjects/fundooBackend/node_modules/@hapi/joi/lib/errors.js:189:29)
    at Object.internals.entry (/home/dell/Desktop/nodeProjects/fundooBackend/node_modules/@hapi/joi/lib/validator.js:140:26)
    at Object.exports.entry (/home/dell/Desktop/nodeProjects/fundooBackend/node_modules/@hapi/joi/lib/validator.js:26:30)
    at internals.Base.validate (/home/dell/Desktop/nodeProjects/fundooBackend/node_modules/@hapi/joi/lib/base.js:534:26)
    at newUserValidator (/home/dell/Desktop/nodeProjects/fundooBackend/src/validators/user.validator.js:10:35)
    at Layer.handle [as handle_request] (/home/dell/Desktop/nodeProjects/fundooBackend/node_modules/express/lib/router/layer.js:95:5)
    at next (/home/dell/Desktop/nodeProjects/fundooBackend/node_modules/express/lib/router/route.js:137:13) 
    url - /api/v1/users/register 
    method - POST 
    IP - ::1
   {"timestamp":"2022-02-24T12:55:25.682Z"}
info: Server started at http://localhost:3000/api/v1/ {"timestamp":"2022-02-24T12:57:27.049Z"}
info: Connected to the database. {"timestamp":"2022-02-24T12:57:27.067Z"}
info: Server started at http://localhost:3000/api/v1/ {"timestamp":"2022-02-24T13:00:43.373Z"}
info: Connected to the database. {"timestamp":"2022-02-24T13:00:43.386Z"}
error: 
    status - 500 
    message - TypeError: Cannot read property 'id' of undefined
    at _callee$ (/home/dell/Desktop/nodeProjects/fundooBackend/src/controllers/note.controller.js:14:39)
    at tryCatch (/home/dell/Desktop/nodeProjects/fundooBackend/node_modules/regenerator-runtime/runtime.js:63:40)
    at Generator.invoke [as _invoke] (/home/dell/Desktop/nodeProjects/fundooBackend/node_modules/regenerator-runtime/runtime.js:294:22)
    at Generator.next (/home/dell/Desktop/nodeProjects/fundooBackend/node_modules/regenerator-runtime/runtime.js:119:21)
    at asyncGeneratorStep (/home/dell/Desktop/nodeProjects/fundooBackend/node_modules/@babel/runtime/helpers/asyncToGenerator.js:3:24)
    at _next (/home/dell/Desktop/nodeProjects/fundooBackend/node_modules/@babel/runtime/helpers/asyncToGenerator.js:25:9)
    at /home/dell/Desktop/nodeProjects/fundooBackend/node_modules/@babel/runtime/helpers/asyncToGenerator.js:32:7
    at new Promise (<anonymous>)
    at /home/dell/Desktop/nodeProjects/fundooBackend/node_modules/@babel/runtime/helpers/asyncToGenerator.js:21:12
    at addNote (/home/dell/Desktop/nodeProjects/fundooBackend/src/controllers/note.controller.js:11:22) 
    url - /api/v1/notes/addNote 
    method - POST 
    IP - ::1
   {"timestamp":"2022-02-24T13:09:12.201Z"}
info: Connected to the database. {"timestamp":"2022-02-24T13:09:35.155Z"}
info: Connected to the database. {"timestamp":"2022-02-24T13:10:06.356Z"}
info: Server started at http://localhost:4000/api/v1/ {"timestamp":"2022-02-24T13:12:32.637Z"}
info: Connected to the database. {"timestamp":"2022-02-24T13:12:32.655Z"}
error: 
    status - 500 
    message - TypeError: Cannot read property 'id' of undefined
    at _callee$ (/home/dell/Desktop/nodeProjects/fundooBackend/src/controllers/note.controller.js:14:39)
    at tryCatch (/home/dell/Desktop/nodeProjects/fundooBackend/node_modules/regenerator-runtime/runtime.js:63:40)
    at Generator.invoke [as _invoke] (/home/dell/Desktop/nodeProjects/fundooBackend/node_modules/regenerator-runtime/runtime.js:294:22)
    at Generator.next (/home/dell/Desktop/nodeProjects/fundooBackend/node_modules/regenerator-runtime/runtime.js:119:21)
    at asyncGeneratorStep (/home/dell/Desktop/nodeProjects/fundooBackend/node_modules/@babel/runtime/helpers/asyncToGenerator.js:3:24)
    at _next (/home/dell/Desktop/nodeProjects/fundooBackend/node_modules/@babel/runtime/helpers/asyncToGenerator.js:25:9)
    at /home/dell/Desktop/nodeProjects/fundooBackend/node_modules/@babel/runtime/helpers/asyncToGenerator.js:32:7
    at new Promise (<anonymous>)
    at /home/dell/Desktop/nodeProjects/fundooBackend/node_modules/@babel/runtime/helpers/asyncToGenerator.js:21:12
    at addNote (/home/dell/Desktop/nodeProjects/fundooBackend/src/controllers/note.controller.js:11:22) 
    url - /api/v1/notes/addNote 
    method - POST 
    IP - ::1
   {"timestamp":"2022-02-24T13:12:42.384Z"}
error: 
    status - 500 
    message - TypeError: Cannot read property 'id' of undefined
    at _callee$ (/home/dell/Desktop/nodeProjects/fundooBackend/src/controllers/note.controller.js:14:39)
    at tryCatch (/home/dell/Desktop/nodeProjects/fundooBackend/node_modules/regenerator-runtime/runtime.js:63:40)
    at Generator.invoke [as _invoke] (/home/dell/Desktop/nodeProjects/fundooBackend/node_modules/regenerator-runtime/runtime.js:294:22)
    at Generator.next (/home/dell/Desktop/nodeProjects/fundooBackend/node_modules/regenerator-runtime/runtime.js:119:21)
    at asyncGeneratorStep (/home/dell/Desktop/nodeProjects/fundooBackend/node_modules/@babel/runtime/helpers/asyncToGenerator.js:3:24)
    at _next (/home/dell/Desktop/nodeProjects/fundooBackend/node_modules/@babel/runtime/helpers/asyncToGenerator.js:25:9)
    at /home/dell/Desktop/nodeProjects/fundooBackend/node_modules/@babel/runtime/helpers/asyncToGenerator.js:32:7
    at new Promise (<anonymous>)
    at /home/dell/Desktop/nodeProjects/fundooBackend/node_modules/@babel/runtime/helpers/asyncToGenerator.js:21:12
    at addNote (/home/dell/Desktop/nodeProjects/fundooBackend/src/controllers/note.controller.js:11:22) 
    url - /api/v1/notes/addNote 
    method - POST 
    IP - ::1
   {"timestamp":"2022-02-24T13:12:51.675Z"}
info: Server started at http://localhost:4000/api/v1/ {"timestamp":"2022-02-24T13:13:19.451Z"}
info: Connected to the database. {"timestamp":"2022-02-24T13:13:19.467Z"}
error: 
    status - 500 
    message - TypeError: Cannot read property 'id' of undefined
    at _callee$ (/home/dell/Desktop/nodeProjects/fundooBackend/src/controllers/note.controller.js:14:39)
    at tryCatch (/home/dell/Desktop/nodeProjects/fundooBackend/node_modules/regenerator-runtime/runtime.js:63:40)
    at Generator.invoke [as _invoke] (/home/dell/Desktop/nodeProjects/fundooBackend/node_modules/regenerator-runtime/runtime.js:294:22)
    at Generator.next (/home/dell/Desktop/nodeProjects/fundooBackend/node_modules/regenerator-runtime/runtime.js:119:21)
    at asyncGeneratorStep (/home/dell/Desktop/nodeProjects/fundooBackend/node_modules/@babel/runtime/helpers/asyncToGenerator.js:3:24)
    at _next (/home/dell/Desktop/nodeProjects/fundooBackend/node_modules/@babel/runtime/helpers/asyncToGenerator.js:25:9)
    at /home/dell/Desktop/nodeProjects/fundooBackend/node_modules/@babel/runtime/helpers/asyncToGenerator.js:32:7
    at new Promise (<anonymous>)
    at /home/dell/Desktop/nodeProjects/fundooBackend/node_modules/@babel/runtime/helpers/asyncToGenerator.js:21:12
    at addNote (/home/dell/Desktop/nodeProjects/fundooBackend/src/controllers/note.controller.js:11:22) 
    url - /api/v1/notes/addNote 
    method - POST 
    IP - ::1
   {"timestamp":"2022-02-24T13:13:23.717Z"}
info: Server started at http://localhost:4000/api/v1/ {"timestamp":"2022-02-24T13:14:20.877Z"}
info: Connected to the database. {"timestamp":"2022-02-24T13:14:20.907Z"}
info: Connected to the database. {"timestamp":"2022-02-24T13:14:21.001Z"}
info: Server started at http://localhost:4000/api/v1/ {"timestamp":"2022-02-24T13:15:06.495Z"}
info: Connected to the database. {"timestamp":"2022-02-24T13:15:06.510Z"}
info: Server started at http://localhost:4000/api/v1/ {"timestamp":"2022-02-24T13:16:40.940Z"}
info: Connected to the database. {"timestamp":"2022-02-24T13:16:40.954Z"}
error: 
    status - 500 
    message - TypeError: Cannot read property 'id' of undefined
    at _callee$ (/home/dell/Desktop/nodeProjects/fundooBackend/src/controllers/note.controller.js:14:39)
    at tryCatch (/home/dell/Desktop/nodeProjects/fundooBackend/node_modules/regenerator-runtime/runtime.js:63:40)
    at Generator.invoke [as _invoke] (/home/dell/Desktop/nodeProjects/fundooBackend/node_modules/regenerator-runtime/runtime.js:294:22)
    at Generator.next (/home/dell/Desktop/nodeProjects/fundooBackend/node_modules/regenerator-runtime/runtime.js:119:21)
    at asyncGeneratorStep (/home/dell/Desktop/nodeProjects/fundooBackend/node_modules/@babel/runtime/helpers/asyncToGenerator.js:3:24)
    at _next (/home/dell/Desktop/nodeProjects/fundooBackend/node_modules/@babel/runtime/helpers/asyncToGenerator.js:25:9)
    at /home/dell/Desktop/nodeProjects/fundooBackend/node_modules/@babel/runtime/helpers/asyncToGenerator.js:32:7
    at new Promise (<anonymous>)
    at /home/dell/Desktop/nodeProjects/fundooBackend/node_modules/@babel/runtime/helpers/asyncToGenerator.js:21:12
    at addNote (/home/dell/Desktop/nodeProjects/fundooBackend/src/controllers/note.controller.js:11:22) 
    url - /api/v1/notes/addNote 
    method - POST 
    IP - ::ffff:127.0.0.1
   {"timestamp":"2022-02-24T13:16:57.082Z"}
error: 
    status - 500 
    message - TypeError: Cannot read property 'id' of undefined
    at _callee$ (/home/dell/Desktop/nodeProjects/fundooBackend/src/controllers/note.controller.js:14:39)
    at tryCatch (/home/dell/Desktop/nodeProjects/fundooBackend/node_modules/regenerator-runtime/runtime.js:63:40)
    at Generator.invoke [as _invoke] (/home/dell/Desktop/nodeProjects/fundooBackend/node_modules/regenerator-runtime/runtime.js:294:22)
    at Generator.next (/home/dell/Desktop/nodeProjects/fundooBackend/node_modules/regenerator-runtime/runtime.js:119:21)
    at asyncGeneratorStep (/home/dell/Desktop/nodeProjects/fundooBackend/node_modules/@babel/runtime/helpers/asyncToGenerator.js:3:24)
    at _next (/home/dell/Desktop/nodeProjects/fundooBackend/node_modules/@babel/runtime/helpers/asyncToGenerator.js:25:9)
    at /home/dell/Desktop/nodeProjects/fundooBackend/node_modules/@babel/runtime/helpers/asyncToGenerator.js:32:7
    at new Promise (<anonymous>)
    at /home/dell/Desktop/nodeProjects/fundooBackend/node_modules/@babel/runtime/helpers/asyncToGenerator.js:21:12
    at addNote (/home/dell/Desktop/nodeProjects/fundooBackend/src/controllers/note.controller.js:11:22) 
    url - /api/v1/notes/addNote 
    method - POST 
    IP - ::ffff:127.0.0.1
   {"timestamp":"2022-02-24T13:17:53.336Z"}
error: 
    status - 500 
    message - TypeError: Cannot read property 'id' of undefined
    at _callee$ (/home/dell/Desktop/nodeProjects/fundooBackend/src/controllers/note.controller.js:14:39)
    at tryCatch (/home/dell/Desktop/nodeProjects/fundooBackend/node_modules/regenerator-runtime/runtime.js:63:40)
    at Generator.invoke [as _invoke] (/home/dell/Desktop/nodeProjects/fundooBackend/node_modules/regenerator-runtime/runtime.js:294:22)
    at Generator.next (/home/dell/Desktop/nodeProjects/fundooBackend/node_modules/regenerator-runtime/runtime.js:119:21)
    at asyncGeneratorStep (/home/dell/Desktop/nodeProjects/fundooBackend/node_modules/@babel/runtime/helpers/asyncToGenerator.js:3:24)
    at _next (/home/dell/Desktop/nodeProjects/fundooBackend/node_modules/@babel/runtime/helpers/asyncToGenerator.js:25:9)
    at /home/dell/Desktop/nodeProjects/fundooBackend/node_modules/@babel/runtime/helpers/asyncToGenerator.js:32:7
    at new Promise (<anonymous>)
    at /home/dell/Desktop/nodeProjects/fundooBackend/node_modules/@babel/runtime/helpers/asyncToGenerator.js:21:12
    at addNote (/home/dell/Desktop/nodeProjects/fundooBackend/src/controllers/note.controller.js:11:22) 
    url - /api/v1/notes/addNote 
    method - POST 
    IP - ::ffff:127.0.0.1
   {"timestamp":"2022-02-24T13:17:55.003Z"}
error: 
    status - 500 
    message - TypeError: Cannot read property 'id' of undefined
    at _callee$ (/home/dell/Desktop/nodeProjects/fundooBackend/src/controllers/note.controller.js:14:39)
    at tryCatch (/home/dell/Desktop/nodeProjects/fundooBackend/node_modules/regenerator-runtime/runtime.js:63:40)
    at Generator.invoke [as _invoke] (/home/dell/Desktop/nodeProjects/fundooBackend/node_modules/regenerator-runtime/runtime.js:294:22)
    at Generator.next (/home/dell/Desktop/nodeProjects/fundooBackend/node_modules/regenerator-runtime/runtime.js:119:21)
    at asyncGeneratorStep (/home/dell/Desktop/nodeProjects/fundooBackend/node_modules/@babel/runtime/helpers/asyncToGenerator.js:3:24)
    at _next (/home/dell/Desktop/nodeProjects/fundooBackend/node_modules/@babel/runtime/helpers/asyncToGenerator.js:25:9)
    at /home/dell/Desktop/nodeProjects/fundooBackend/node_modules/@babel/runtime/helpers/asyncToGenerator.js:32:7
    at new Promise (<anonymous>)
    at /home/dell/Desktop/nodeProjects/fundooBackend/node_modules/@babel/runtime/helpers/asyncToGenerator.js:21:12
    at addNote (/home/dell/Desktop/nodeProjects/fundooBackend/src/controllers/note.controller.js:11:22) 
    url - /api/v1/notes/addNote 
    method - POST 
    IP - ::ffff:127.0.0.1
   {"timestamp":"2022-02-24T13:17:59.760Z"}
info: Server started at http://localhost:4000/api/v1/ {"timestamp":"2022-02-24T13:18:18.031Z"}
info: Connected to the database. {"timestamp":"2022-02-24T13:18:18.054Z"}
info: Connected to the database. {"timestamp":"2022-02-24T13:18:18.104Z"}
info: Server started at http://localhost:4000/api/v1/ {"timestamp":"2022-02-24T13:18:45.545Z"}
info: Connected to the database. {"timestamp":"2022-02-24T13:18:45.560Z"}
error: 
    status - 500 
    message - TypeError: Cannot read property 'id' of undefined
    at _callee$ (/home/dell/Desktop/nodeProjects/fundooBackend/src/controllers/note.controller.js:14:39)
    at tryCatch (/home/dell/Desktop/nodeProjects/fundooBackend/node_modules/regenerator-runtime/runtime.js:63:40)
    at Generator.invoke [as _invoke] (/home/dell/Desktop/nodeProjects/fundooBackend/node_modules/regenerator-runtime/runtime.js:294:22)
    at Generator.next (/home/dell/Desktop/nodeProjects/fundooBackend/node_modules/regenerator-runtime/runtime.js:119:21)
    at asyncGeneratorStep (/home/dell/Desktop/nodeProjects/fundooBackend/node_modules/@babel/runtime/helpers/asyncToGenerator.js:3:24)
    at _next (/home/dell/Desktop/nodeProjects/fundooBackend/node_modules/@babel/runtime/helpers/asyncToGenerator.js:25:9)
    at /home/dell/Desktop/nodeProjects/fundooBackend/node_modules/@babel/runtime/helpers/asyncToGenerator.js:32:7
    at new Promise (<anonymous>)
    at /home/dell/Desktop/nodeProjects/fundooBackend/node_modules/@babel/runtime/helpers/asyncToGenerator.js:21:12
    at addNote (/home/dell/Desktop/nodeProjects/fundooBackend/src/controllers/note.controller.js:11:22) 
    url - /api/v1/notes/addNote 
    method - POST 
    IP - ::ffff:127.0.0.1
   {"timestamp":"2022-02-24T13:18:52.648Z"}
error: 
    status - 500 
    message - TypeError: Cannot read property 'id' of undefined
    at _callee$ (/home/dell/Desktop/nodeProjects/fundooBackend/src/controllers/note.controller.js:14:39)
    at tryCatch (/home/dell/Desktop/nodeProjects/fundooBackend/node_modules/regenerator-runtime/runtime.js:63:40)
    at Generator.invoke [as _invoke] (/home/dell/Desktop/nodeProjects/fundooBackend/node_modules/regenerator-runtime/runtime.js:294:22)
    at Generator.next (/home/dell/Desktop/nodeProjects/fundooBackend/node_modules/regenerator-runtime/runtime.js:119:21)
    at asyncGeneratorStep (/home/dell/Desktop/nodeProjects/fundooBackend/node_modules/@babel/runtime/helpers/asyncToGenerator.js:3:24)
    at _next (/home/dell/Desktop/nodeProjects/fundooBackend/node_modules/@babel/runtime/helpers/asyncToGenerator.js:25:9)
    at /home/dell/Desktop/nodeProjects/fundooBackend/node_modules/@babel/runtime/helpers/asyncToGenerator.js:32:7
    at new Promise (<anonymous>)
    at /home/dell/Desktop/nodeProjects/fundooBackend/node_modules/@babel/runtime/helpers/asyncToGenerator.js:21:12
    at addNote (/home/dell/Desktop/nodeProjects/fundooBackend/src/controllers/note.controller.js:11:22) 
    url - /api/v1/notes/addNote 
    method - POST 
    IP - ::ffff:127.0.0.1
   {"timestamp":"2022-02-24T13:18:58.963Z"}
error: 
    status - 500 
    message - TypeError: Cannot read property 'id' of undefined
    at _callee$ (/home/dell/Desktop/nodeProjects/fundooBackend/src/controllers/note.controller.js:14:39)
    at tryCatch (/home/dell/Desktop/nodeProjects/fundooBackend/node_modules/regenerator-runtime/runtime.js:63:40)
    at Generator.invoke [as _invoke] (/home/dell/Desktop/nodeProjects/fundooBackend/node_modules/regenerator-runtime/runtime.js:294:22)
    at Generator.next (/home/dell/Desktop/nodeProjects/fundooBackend/node_modules/regenerator-runtime/runtime.js:119:21)
    at asyncGeneratorStep (/home/dell/Desktop/nodeProjects/fundooBackend/node_modules/@babel/runtime/helpers/asyncToGenerator.js:3:24)
    at _next (/home/dell/Desktop/nodeProjects/fundooBackend/node_modules/@babel/runtime/helpers/asyncToGenerator.js:25:9)
    at /home/dell/Desktop/nodeProjects/fundooBackend/node_modules/@babel/runtime/helpers/asyncToGenerator.js:32:7
    at new Promise (<anonymous>)
    at /home/dell/Desktop/nodeProjects/fundooBackend/node_modules/@babel/runtime/helpers/asyncToGenerator.js:21:12
    at addNote (/home/dell/Desktop/nodeProjects/fundooBackend/src/controllers/note.controller.js:11:22) 
    url - /api/v1/notes/addNote 
    method - POST 
    IP - ::ffff:127.0.0.1
   {"timestamp":"2022-02-24T13:19:14.559Z"}
error: 
    status - 500 
    message - TypeError: Cannot read property 'id' of undefined
    at _callee$ (/home/dell/Desktop/nodeProjects/fundooBackend/src/controllers/note.controller.js:14:39)
    at tryCatch (/home/dell/Desktop/nodeProjects/fundooBackend/node_modules/regenerator-runtime/runtime.js:63:40)
    at Generator.invoke [as _invoke] (/home/dell/Desktop/nodeProjects/fundooBackend/node_modules/regenerator-runtime/runtime.js:294:22)
    at Generator.next (/home/dell/Desktop/nodeProjects/fundooBackend/node_modules/regenerator-runtime/runtime.js:119:21)
    at asyncGeneratorStep (/home/dell/Desktop/nodeProjects/fundooBackend/node_modules/@babel/runtime/helpers/asyncToGenerator.js:3:24)
    at _next (/home/dell/Desktop/nodeProjects/fundooBackend/node_modules/@babel/runtime/helpers/asyncToGenerator.js:25:9)
    at /home/dell/Desktop/nodeProjects/fundooBackend/node_modules/@babel/runtime/helpers/asyncToGenerator.js:32:7
    at new Promise (<anonymous>)
    at /home/dell/Desktop/nodeProjects/fundooBackend/node_modules/@babel/runtime/helpers/asyncToGenerator.js:21:12
    at addNote (/home/dell/Desktop/nodeProjects/fundooBackend/src/controllers/note.controller.js:11:22) 
    url - /api/v1/notes/addNote 
    method - POST 
    IP - ::ffff:127.0.0.1
   {"timestamp":"2022-02-24T13:19:15.271Z"}
error: 
    status - 500 
    message - TypeError: Cannot read property 'id' of undefined
    at _callee$ (/home/dell/Desktop/nodeProjects/fundooBackend/src/controllers/note.controller.js:14:39)
    at tryCatch (/home/dell/Desktop/nodeProjects/fundooBackend/node_modules/regenerator-runtime/runtime.js:63:40)
    at Generator.invoke [as _invoke] (/home/dell/Desktop/nodeProjects/fundooBackend/node_modules/regenerator-runtime/runtime.js:294:22)
    at Generator.next (/home/dell/Desktop/nodeProjects/fundooBackend/node_modules/regenerator-runtime/runtime.js:119:21)
    at asyncGeneratorStep (/home/dell/Desktop/nodeProjects/fundooBackend/node_modules/@babel/runtime/helpers/asyncToGenerator.js:3:24)
    at _next (/home/dell/Desktop/nodeProjects/fundooBackend/node_modules/@babel/runtime/helpers/asyncToGenerator.js:25:9)
    at /home/dell/Desktop/nodeProjects/fundooBackend/node_modules/@babel/runtime/helpers/asyncToGenerator.js:32:7
    at new Promise (<anonymous>)
    at /home/dell/Desktop/nodeProjects/fundooBackend/node_modules/@babel/runtime/helpers/asyncToGenerator.js:21:12
    at addNote (/home/dell/Desktop/nodeProjects/fundooBackend/src/controllers/note.controller.js:11:22) 
    url - /api/v1/notes/addNote 
    method - POST 
    IP - ::ffff:127.0.0.1
   {"timestamp":"2022-02-24T13:19:32.971Z"}
info: Server started at http://localhost:4000/api/v1/ {"timestamp":"2022-02-24T13:19:52.023Z"}
info: Connected to the database. {"timestamp":"2022-02-24T13:19:52.054Z"}
info: Connected to the database. {"timestamp":"2022-02-24T13:19:52.111Z"}
info: Server started at http://localhost:4000/api/v1/ {"timestamp":"2022-02-24T13:20:10.901Z"}
info: Connected to the database. {"timestamp":"2022-02-24T13:20:10.922Z"}
info: Server started at http://localhost:4000/api/v1/ {"timestamp":"2022-02-24T13:20:36.926Z"}
info: Connected to the database. {"timestamp":"2022-02-24T13:20:36.940Z"}
info: Server started at http://localhost:4000/api/v1/ {"timestamp":"2022-02-24T13:34:43.100Z"}
info: Connected to the database. {"timestamp":"2022-02-24T13:34:43.122Z"}
