info: Server started at http://localhost:4000/api/v1/ {"timestamp":"2022-02-25T03:01:06.946Z"}
info: Connected to the database. {"timestamp":"2022-02-25T03:01:06.963Z"}
info: Server started at http://localhost:3000/api/v1/ {"timestamp":"2022-02-25T04:14:07.971Z"}
info: Connected to the database. {"timestamp":"2022-02-25T04:14:07.989Z"}
error: 
    status - 500 
    message - TypeError: Cannot read property 'id' of undefined
    at _callee2$ (/home/dell/Desktop/nodeProjects/fundooBackend/src/controllers/note.controller.js:35:67)
    at tryCatch (/home/dell/Desktop/nodeProjects/fundooBackend/node_modules/regenerator-runtime/runtime.js:63:40)
    at Generator.invoke [as _invoke] (/home/dell/Desktop/nodeProjects/fundooBackend/node_modules/regenerator-runtime/runtime.js:294:22)
    at Generator.next (/home/dell/Desktop/nodeProjects/fundooBackend/node_modules/regenerator-runtime/runtime.js:119:21)
    at asyncGeneratorStep (/home/dell/Desktop/nodeProjects/fundooBackend/node_modules/@babel/runtime/helpers/asyncToGenerator.js:3:24)
    at _next (/home/dell/Desktop/nodeProjects/fundooBackend/node_modules/@babel/runtime/helpers/asyncToGenerator.js:25:9)
    at /home/dell/Desktop/nodeProjects/fundooBackend/node_modules/@babel/runtime/helpers/asyncToGenerator.js:32:7
    at new Promise (<anonymous>)
    at /home/dell/Desktop/nodeProjects/fundooBackend/node_modules/@babel/runtime/helpers/asyncToGenerator.js:21:12
    at getAllNotes (/home/dell/Desktop/nodeProjects/fundooBackend/src/controllers/note.controller.js:33:26) 
    url - /api/v1/notes/getAllNotes 
    method - GET 
    IP - ::ffff:127.0.0.1
   {"timestamp":"2022-02-25T04:28:42.662Z"}
info: Server started at http://localhost:3000/api/v1/ {"timestamp":"2022-02-25T04:30:01.290Z"}
info: Connected to the database. {"timestamp":"2022-02-25T04:30:01.306Z"}
info: Server started at http://localhost:3000/api/v1/ {"timestamp":"2022-02-25T04:31:11.430Z"}
info: Connected to the database. {"timestamp":"2022-02-25T04:31:11.451Z"}
info: Server started at http://localhost:3000/api/v1/ {"timestamp":"2022-02-25T04:47:34.751Z"}
info: Connected to the database. {"timestamp":"2022-02-25T04:47:34.765Z"}
info: Server started at http://localhost:3000/api/v1/ {"timestamp":"2022-02-25T05:02:39.624Z"}
info: Connected to the database. {"timestamp":"2022-02-25T05:02:39.635Z"}
info: Server started at http://localhost:3000/api/v1/ {"timestamp":"2022-02-25T05:05:56.167Z"}
info: Connected to the database. {"timestamp":"2022-02-25T05:05:56.184Z"}
error: 
    status - 500 
    message - TypeError: notedata.findByIdAndUpdate is not a function
    at _callee3$ (/home/dell/Desktop/nodeProjects/fundooBackend/src/services/note.service.js:26:32)
    at tryCatch (/home/dell/Desktop/nodeProjects/fundooBackend/node_modules/regenerator-runtime/runtime.js:63:40)
    at Generator.invoke [as _invoke] (/home/dell/Desktop/nodeProjects/fundooBackend/node_modules/regenerator-runtime/runtime.js:294:22)
    at Generator.next (/home/dell/Desktop/nodeProjects/fundooBackend/node_modules/regenerator-runtime/runtime.js:119:21)
    at asyncGeneratorStep (/home/dell/Desktop/nodeProjects/fundooBackend/node_modules/@babel/runtime/helpers/asyncToGenerator.js:3:24)
    at _next (/home/dell/Desktop/nodeProjects/fundooBackend/node_modules/@babel/runtime/helpers/asyncToGenerator.js:25:9)
    at processTicksAndRejections (internal/process/task_queues.js:95:5) 
    url - /api/v1/notes/updateNote 
    method - PUT 
    IP - ::ffff:127.0.0.1
   {"timestamp":"2022-02-25T05:07:28.674Z"}
info: Server started at http://localhost:3000/api/v1/ {"timestamp":"2022-02-25T05:08:59.381Z"}
info: Connected to the database. {"timestamp":"2022-02-25T05:08:59.394Z"}
info: Server started at http://localhost:3000/api/v1/ {"timestamp":"2022-02-25T10:02:41.613Z"}
info: Connected to the database. {"timestamp":"2022-02-25T10:02:41.628Z"}
info: Server started at http://localhost:3000/api/v1/ {"timestamp":"2022-02-25T10:02:43.539Z"}
info: Connected to the database. {"timestamp":"2022-02-25T10:02:43.557Z"}
info: Server started at http://localhost:3000/api/v1/ {"timestamp":"2022-02-25T10:04:38.913Z"}
info: Connected to the database. {"timestamp":"2022-02-25T10:04:38.933Z"}
info: Server started at http://localhost:3000/api/v1/ {"timestamp":"2022-02-25T10:05:56.191Z"}
info: Connected to the database. {"timestamp":"2022-02-25T10:05:56.203Z"}
info: Server started at http://localhost:3000/api/v1/ {"timestamp":"2022-02-25T10:07:08.296Z"}
info: Connected to the database. {"timestamp":"2022-02-25T10:07:08.312Z"}
error: 
    status - 500 
    message - Error: Cast to undefined failed for value undefined at path "undefined"
    at new MongooseError (/home/dell/Desktop/nodeProjects/fundooBackend/node_modules/mongoose/lib/error/mongooseError.js:7:1)
    at new CastError (/home/dell/Desktop/nodeProjects/fundooBackend/node_modules/mongoose/lib/error/cast.js:31:7)
    at model.Query.exec (/home/dell/Desktop/nodeProjects/fundooBackend/node_modules/mongoose/lib/query.js:4498:21)
    at model.Query.Query.then (/home/dell/Desktop/nodeProjects/fundooBackend/node_modules/mongoose/lib/query.js:4592:15)
    at processTicksAndRejections (internal/process/task_queues.js:95:5) 
    url - /api/v1/notes/updateNote 
    method - PUT 
    IP - ::ffff:127.0.0.1
   {"timestamp":"2022-02-25T10:07:24.428Z"}
info: Server started at http://localhost:3000/api/v1/ {"timestamp":"2022-02-25T10:09:01.366Z"}
info: Connected to the database. {"timestamp":"2022-02-25T10:09:01.379Z"}
info: Server started at http://localhost:3000/api/v1/ {"timestamp":"2022-02-25T10:12:46.606Z"}
info: Connected to the database. {"timestamp":"2022-02-25T10:12:46.619Z"}
info: Server started at http://localhost:3000/api/v1/ {"timestamp":"2022-02-25T10:13:47.886Z"}
info: Connected to the database. {"timestamp":"2022-02-25T10:13:47.901Z"}
info: Server started at http://localhost:3000/api/v1/ {"timestamp":"2022-02-25T10:15:28.695Z"}
info: Connected to the database. {"timestamp":"2022-02-25T10:15:28.713Z"}
info: Server started at http://localhost:3000/api/v1/ {"timestamp":"2022-02-25T10:18:04.650Z"}
info: Connected to the database. {"timestamp":"2022-02-25T10:18:04.666Z"}
info: Server started at http://localhost:3000/api/v1/ {"timestamp":"2022-02-25T10:18:26.085Z"}
info: Connected to the database. {"timestamp":"2022-02-25T10:18:26.103Z"}
info: Server started at http://localhost:3000/api/v1/ {"timestamp":"2022-02-25T10:22:37.780Z"}
info: Connected to the database. {"timestamp":"2022-02-25T10:22:37.793Z"}
info: Server started at http://localhost:3000/api/v1/ {"timestamp":"2022-02-25T10:23:34.258Z"}
info: Connected to the database. {"timestamp":"2022-02-25T10:23:34.272Z"}
error: 
    status - 500 
    message - TypeError: Cannot create property 'select' on string '621775ce20621aa04d740ab1'
    at Function.Model.findOneAndDelete (/home/dell/Desktop/nodeProjects/fundooBackend/node_modules/mongoose/lib/model.js:2797:20)
    at Function.findByIdAndDelete (/home/dell/Desktop/nodeProjects/fundooBackend/node_modules/mongoose/lib/model.js:2836:15)
    at _callee7$ (/home/dell/Desktop/nodeProjects/fundooBackend/src/services/note.service.js:88:29)
    at tryCatch (/home/dell/Desktop/nodeProjects/fundooBackend/node_modules/regenerator-runtime/runtime.js:63:40)
    at Generator.invoke [as _invoke] (/home/dell/Desktop/nodeProjects/fundooBackend/node_modules/regenerator-runtime/runtime.js:294:22)
    at Generator.next (/home/dell/Desktop/nodeProjects/fundooBackend/node_modules/regenerator-runtime/runtime.js:119:21)
    at asyncGeneratorStep (/home/dell/Desktop/nodeProjects/fundooBackend/node_modules/@babel/runtime/helpers/asyncToGenerator.js:3:24)
    at _next (/home/dell/Desktop/nodeProjects/fundooBackend/node_modules/@babel/runtime/helpers/asyncToGenerator.js:25:9)
    at /home/dell/Desktop/nodeProjects/fundooBackend/node_modules/@babel/runtime/helpers/asyncToGenerator.js:32:7
    at new Promise (<anonymous>) 
    url - /api/v1/notes/deleteNote 
    method - DELETE 
    IP - ::ffff:127.0.0.1
   {"timestamp":"2022-02-25T10:25:31.949Z"}
info: Server started at http://localhost:3000/api/v1/ {"timestamp":"2022-02-25T10:27:56.767Z"}
info: Connected to the database. {"timestamp":"2022-02-25T10:27:56.781Z"}
error: 
    status - 500 
    message - TypeError: Cannot create property 'select' on string '621775ce20621aa04d740ab1'
    at Function.Model.findOneAndDelete (/home/dell/Desktop/nodeProjects/fundooBackend/node_modules/mongoose/lib/model.js:2797:20)
    at Function.findByIdAndDelete (/home/dell/Desktop/nodeProjects/fundooBackend/node_modules/mongoose/lib/model.js:2836:15)
    at _callee7$ (/home/dell/Desktop/nodeProjects/fundooBackend/src/services/note.service.js:88:29)
    at tryCatch (/home/dell/Desktop/nodeProjects/fundooBackend/node_modules/regenerator-runtime/runtime.js:63:40)
    at Generator.invoke [as _invoke] (/home/dell/Desktop/nodeProjects/fundooBackend/node_modules/regenerator-runtime/runtime.js:294:22)
    at Generator.next (/home/dell/Desktop/nodeProjects/fundooBackend/node_modules/regenerator-runtime/runtime.js:119:21)
    at asyncGeneratorStep (/home/dell/Desktop/nodeProjects/fundooBackend/node_modules/@babel/runtime/helpers/asyncToGenerator.js:3:24)
    at _next (/home/dell/Desktop/nodeProjects/fundooBackend/node_modules/@babel/runtime/helpers/asyncToGenerator.js:25:9)
    at /home/dell/Desktop/nodeProjects/fundooBackend/node_modules/@babel/runtime/helpers/asyncToGenerator.js:32:7
    at new Promise (<anonymous>) 
    url - /api/v1/notes/deleteNote 
    method - DELETE 
    IP - ::ffff:127.0.0.1
   {"timestamp":"2022-02-25T10:28:32.449Z"}
info: Server started at http://localhost:3000/api/v1/ {"timestamp":"2022-02-25T10:46:41.939Z"}
info: Connected to the database. {"timestamp":"2022-02-25T10:46:41.951Z"}
error: 
    status - 500 
    message - TypeError: Cannot create property 'select' on string '621775ce20621aa04d740ab1'
    at Function.Model.findOneAndDelete (/home/dell/Desktop/nodeProjects/fundooBackend/node_modules/mongoose/lib/model.js:2797:20)
    at Function.findByIdAndDelete (/home/dell/Desktop/nodeProjects/fundooBackend/node_modules/mongoose/lib/model.js:2836:15)
    at _callee7$ (/home/dell/Desktop/nodeProjects/fundooBackend/src/services/note.service.js:88:29)
    at tryCatch (/home/dell/Desktop/nodeProjects/fundooBackend/node_modules/regenerator-runtime/runtime.js:63:40)
    at Generator.invoke [as _invoke] (/home/dell/Desktop/nodeProjects/fundooBackend/node_modules/regenerator-runtime/runtime.js:294:22)
    at Generator.next (/home/dell/Desktop/nodeProjects/fundooBackend/node_modules/regenerator-runtime/runtime.js:119:21)
    at asyncGeneratorStep (/home/dell/Desktop/nodeProjects/fundooBackend/node_modules/@babel/runtime/helpers/asyncToGenerator.js:3:24)
    at _next (/home/dell/Desktop/nodeProjects/fundooBackend/node_modules/@babel/runtime/helpers/asyncToGenerator.js:25:9)
    at /home/dell/Desktop/nodeProjects/fundooBackend/node_modules/@babel/runtime/helpers/asyncToGenerator.js:32:7
    at new Promise (<anonymous>) 
    url - /api/v1/notes/deleteNote 
    method - DELETE 
    IP - ::ffff:127.0.0.1
   {"timestamp":"2022-02-25T10:46:45.554Z"}
info: Server started at http://localhost:3000/api/v1/ {"timestamp":"2022-02-25T10:47:32.209Z"}
info: Connected to the database. {"timestamp":"2022-02-25T10:47:32.231Z"}
info: Server started at http://localhost:3000/api/v1/ {"timestamp":"2022-02-25T11:28:12.408Z"}
info: Connected to the database. {"timestamp":"2022-02-25T11:28:12.426Z"}
error: 
    status - 500 
    message - TypeError: Cannot create property 'select' on string '621775ce20621aa04d740ab1'
    at Function.findOneAndDelete (/home/dell/Desktop/nodeProjects/fundooBackend/node_modules/mongoose/lib/model.js:2797:20)
    at _callee7$ (/home/dell/Desktop/nodeProjects/fundooBackend/src/services/note.service.js:88:29)
    at tryCatch (/home/dell/Desktop/nodeProjects/fundooBackend/node_modules/regenerator-runtime/runtime.js:63:40)
    at Generator.invoke [as _invoke] (/home/dell/Desktop/nodeProjects/fundooBackend/node_modules/regenerator-runtime/runtime.js:294:22)
    at Generator.next (/home/dell/Desktop/nodeProjects/fundooBackend/node_modules/regenerator-runtime/runtime.js:119:21)
    at asyncGeneratorStep (/home/dell/Desktop/nodeProjects/fundooBackend/node_modules/@babel/runtime/helpers/asyncToGenerator.js:3:24)
    at _next (/home/dell/Desktop/nodeProjects/fundooBackend/node_modules/@babel/runtime/helpers/asyncToGenerator.js:25:9)
    at /home/dell/Desktop/nodeProjects/fundooBackend/node_modules/@babel/runtime/helpers/asyncToGenerator.js:32:7
    at new Promise (<anonymous>)
    at Object.<anonymous> (/home/dell/Desktop/nodeProjects/fundooBackend/node_modules/@babel/runtime/helpers/asyncToGenerator.js:21:12) 
    url - /api/v1/notes/deleteNote 
    method - DELETE 
    IP - ::ffff:127.0.0.1
   {"timestamp":"2022-02-25T11:28:20.320Z"}
info: Server started at http://localhost:3000/api/v1/ {"timestamp":"2022-02-25T11:29:05.425Z"}
info: Connected to the database. {"timestamp":"2022-02-25T11:29:05.442Z"}
info: Server started at http://localhost:3000/api/v1/ {"timestamp":"2022-02-25T11:34:39.402Z"}
info: Connected to the database. {"timestamp":"2022-02-25T11:34:39.425Z"}
info: Server started at http://localhost:3000/api/v1/ {"timestamp":"2022-02-25T11:36:14.035Z"}
info: Connected to the database. {"timestamp":"2022-02-25T11:36:14.054Z"}
info: Server started at http://localhost:3000/api/v1/ {"timestamp":"2022-02-25T11:36:33.967Z"}
info: Connected to the database. {"timestamp":"2022-02-25T11:36:33.984Z"}
error: 
    status - 500 
    message - ReferenceError: body is not defined
    at _callee4$ (/home/dell/Desktop/nodeProjects/fundooBackend/src/services/note.service.js:41:43)
    at tryCatch (/home/dell/Desktop/nodeProjects/fundooBackend/node_modules/regenerator-runtime/runtime.js:63:40)
    at Generator.invoke [as _invoke] (/home/dell/Desktop/nodeProjects/fundooBackend/node_modules/regenerator-runtime/runtime.js:294:22)
    at Generator.next (/home/dell/Desktop/nodeProjects/fundooBackend/node_modules/regenerator-runtime/runtime.js:119:21)
    at asyncGeneratorStep (/home/dell/Desktop/nodeProjects/fundooBackend/node_modules/@babel/runtime/helpers/asyncToGenerator.js:3:24)
    at _next (/home/dell/Desktop/nodeProjects/fundooBackend/node_modules/@babel/runtime/helpers/asyncToGenerator.js:25:9)
    at /home/dell/Desktop/nodeProjects/fundooBackend/node_modules/@babel/runtime/helpers/asyncToGenerator.js:32:7
    at new Promise (<anonymous>)
    at Object.<anonymous> (/home/dell/Desktop/nodeProjects/fundooBackend/node_modules/@babel/runtime/helpers/asyncToGenerator.js:21:12)
    at Object.getNoteService (/home/dell/Desktop/nodeProjects/fundooBackend/src/services/note.service.js:40:28) 
    url - /api/v1/notes/getNote/:_noteId?_noteId=62185fa7de3e24507588af30 
    method - GET 
    IP - ::ffff:127.0.0.1
   {"timestamp":"2022-02-25T11:38:19.754Z"}
info: Server started at http://localhost:3000/api/v1/ {"timestamp":"2022-02-25T11:39:28.526Z"}
info: Connected to the database. {"timestamp":"2022-02-25T11:39:28.543Z"}
info: Server started at http://localhost:3000/api/v1/ {"timestamp":"2022-02-25T11:40:12.223Z"}
info: Connected to the database. {"timestamp":"2022-02-25T11:40:12.238Z"}
info: Server started at http://localhost:3000/api/v1/ {"timestamp":"2022-02-25T11:41:19.577Z"}
info: Connected to the database. {"timestamp":"2022-02-25T11:41:19.592Z"}
info: Server started at http://localhost:3000/api/v1/ {"timestamp":"2022-02-25T11:48:50.700Z"}
info: Connected to the database. {"timestamp":"2022-02-25T11:48:50.717Z"}
info: Server started at http://localhost:3000/api/v1/ {"timestamp":"2022-02-25T11:49:41.640Z"}
info: Connected to the database. {"timestamp":"2022-02-25T11:49:41.658Z"}
info: Server started at http://localhost:3000/api/v1/ {"timestamp":"2022-02-25T13:02:06.653Z"}
info: Connected to the database. {"timestamp":"2022-02-25T13:02:06.671Z"}
info: Server started at http://localhost:3000/api/v1/ {"timestamp":"2022-02-25T13:02:19.157Z"}
info: Connected to the database. {"timestamp":"2022-02-25T13:02:19.174Z"}
info: Server started at http://localhost:3000/api/v1/ {"timestamp":"2022-02-25T13:02:23.932Z"}
info: Connected to the database. {"timestamp":"2022-02-25T13:02:23.945Z"}
error: 
    status - 500 
    message - TypeError: Cannot read property 'id' of undefined
    at _callee8$ (/home/dell/Desktop/nodeProjects/fundooBackend/src/controllers/note.controller.js:171:67)
    at tryCatch (/home/dell/Desktop/nodeProjects/fundooBackend/node_modules/regenerator-runtime/runtime.js:63:40)
    at Generator.invoke [as _invoke] (/home/dell/Desktop/nodeProjects/fundooBackend/node_modules/regenerator-runtime/runtime.js:294:22)
    at Generator.next (/home/dell/Desktop/nodeProjects/fundooBackend/node_modules/regenerator-runtime/runtime.js:119:21)
    at asyncGeneratorStep (/home/dell/Desktop/nodeProjects/fundooBackend/node_modules/@babel/runtime/helpers/asyncToGenerator.js:3:24)
    at _next (/home/dell/Desktop/nodeProjects/fundooBackend/node_modules/@babel/runtime/helpers/asyncToGenerator.js:25:9)
    at /home/dell/Desktop/nodeProjects/fundooBackend/node_modules/@babel/runtime/helpers/asyncToGenerator.js:32:7
    at new Promise (<anonymous>)
    at /home/dell/Desktop/nodeProjects/fundooBackend/node_modules/@babel/runtime/helpers/asyncToGenerator.js:21:12
    at getTrashNotesList (/home/dell/Desktop/nodeProjects/fundooBackend/src/controllers/note.controller.js:169:34) 
    url - /api/v1/notes/getTrashNotes 
    method - GET 
    IP - ::ffff:127.0.0.1
   {"timestamp":"2022-02-25T13:03:07.585Z"}
info: Server started at http://localhost:3000/api/v1/ {"timestamp":"2022-02-25T13:07:26.660Z"}
info: Connected to the database. {"timestamp":"2022-02-25T13:07:26.674Z"}
error: 
    status - 500 
    message - TypeError: Cannot read property 'id' of undefined
    at _callee8$ (/home/dell/Desktop/nodeProjects/fundooBackend/src/controllers/note.controller.js:171:67)
    at tryCatch (/home/dell/Desktop/nodeProjects/fundooBackend/node_modules/regenerator-runtime/runtime.js:63:40)
    at Generator.invoke [as _invoke] (/home/dell/Desktop/nodeProjects/fundooBackend/node_modules/regenerator-runtime/runtime.js:294:22)
    at Generator.next (/home/dell/Desktop/nodeProjects/fundooBackend/node_modules/regenerator-runtime/runtime.js:119:21)
    at asyncGeneratorStep (/home/dell/Desktop/nodeProjects/fundooBackend/node_modules/@babel/runtime/helpers/asyncToGenerator.js:3:24)
    at _next (/home/dell/Desktop/nodeProjects/fundooBackend/node_modules/@babel/runtime/helpers/asyncToGenerator.js:25:9)
    at /home/dell/Desktop/nodeProjects/fundooBackend/node_modules/@babel/runtime/helpers/asyncToGenerator.js:32:7
    at new Promise (<anonymous>)
    at /home/dell/Desktop/nodeProjects/fundooBackend/node_modules/@babel/runtime/helpers/asyncToGenerator.js:21:12
    at getTrashNotesList (/home/dell/Desktop/nodeProjects/fundooBackend/src/controllers/note.controller.js:169:34) 
    url - /api/v1/notes/getTrashNotes 
    method - GET 
    IP - ::ffff:127.0.0.1
   {"timestamp":"2022-02-25T13:07:44.835Z"}
error: 
    status - 500 
    message - TypeError: Cannot read property 'id' of undefined
    at _callee9$ (/home/dell/Desktop/nodeProjects/fundooBackend/src/controllers/note.controller.js:191:69)
    at tryCatch (/home/dell/Desktop/nodeProjects/fundooBackend/node_modules/regenerator-runtime/runtime.js:63:40)
    at Generator.invoke [as _invoke] (/home/dell/Desktop/nodeProjects/fundooBackend/node_modules/regenerator-runtime/runtime.js:294:22)
    at Generator.next (/home/dell/Desktop/nodeProjects/fundooBackend/node_modules/regenerator-runtime/runtime.js:119:21)
    at asyncGeneratorStep (/home/dell/Desktop/nodeProjects/fundooBackend/node_modules/@babel/runtime/helpers/asyncToGenerator.js:3:24)
    at _next (/home/dell/Desktop/nodeProjects/fundooBackend/node_modules/@babel/runtime/helpers/asyncToGenerator.js:25:9)
    at /home/dell/Desktop/nodeProjects/fundooBackend/node_modules/@babel/runtime/helpers/asyncToGenerator.js:32:7
    at new Promise (<anonymous>)
    at /home/dell/Desktop/nodeProjects/fundooBackend/node_modules/@babel/runtime/helpers/asyncToGenerator.js:21:12
    at getArchiveNotesList (/home/dell/Desktop/nodeProjects/fundooBackend/src/controllers/note.controller.js:189:37) 
    url - /api/v1/notes/getArchiveNotes 
    method - GET 
    IP - ::ffff:127.0.0.1
   {"timestamp":"2022-02-25T13:08:46.086Z"}
info: Server started at http://localhost:3000/api/v1/ {"timestamp":"2022-02-25T13:21:28.059Z"}
info: Connected to the database. {"timestamp":"2022-02-25T13:21:28.072Z"}
info: Server started at http://localhost:3000/api/v1/ {"timestamp":"2022-02-25T13:24:17.335Z"}
info: Connected to the database. {"timestamp":"2022-02-25T13:24:17.348Z"}
info: Server started at http://localhost:3000/api/v1/ {"timestamp":"2022-02-25T13:27:36.327Z"}
info: Connected to the database. {"timestamp":"2022-02-25T13:27:36.341Z"}
info: Server started at http://localhost:3000/api/v1/ {"timestamp":"2022-02-25T13:29:11.636Z"}
info: Connected to the database. {"timestamp":"2022-02-25T13:29:11.648Z"}
info: Server started at http://localhost:3000/api/v1/ {"timestamp":"2022-02-25T13:29:21.843Z"}
info: Connected to the database. {"timestamp":"2022-02-25T13:29:21.855Z"}
info: Server started at http://localhost:3000/api/v1/ {"timestamp":"2022-02-25T13:30:59.760Z"}
info: Connected to the database. {"timestamp":"2022-02-25T13:30:59.773Z"}
error: 
    status - 500 
    message - TypeError: Cannot read property 'id' of undefined
    at _callee9$ (/home/dell/Desktop/nodeProjects/fundooBackend/src/controllers/note.controller.js:191:66)
    at tryCatch (/home/dell/Desktop/nodeProjects/fundooBackend/node_modules/regenerator-runtime/runtime.js:63:40)
    at Generator.invoke [as _invoke] (/home/dell/Desktop/nodeProjects/fundooBackend/node_modules/regenerator-runtime/runtime.js:294:22)
    at Generator.next (/home/dell/Desktop/nodeProjects/fundooBackend/node_modules/regenerator-runtime/runtime.js:119:21)
    at asyncGeneratorStep (/home/dell/Desktop/nodeProjects/fundooBackend/node_modules/@babel/runtime/helpers/asyncToGenerator.js:3:24)
    at _next (/home/dell/Desktop/nodeProjects/fundooBackend/node_modules/@babel/runtime/helpers/asyncToGenerator.js:25:9)
    at /home/dell/Desktop/nodeProjects/fundooBackend/node_modules/@babel/runtime/helpers/asyncToGenerator.js:32:7
    at new Promise (<anonymous>)
    at /home/dell/Desktop/nodeProjects/fundooBackend/node_modules/@babel/runtime/helpers/asyncToGenerator.js:21:12
    at getArchiveNotesList (/home/dell/Desktop/nodeProjects/fundooBackend/src/controllers/note.controller.js:189:33) 
    url - /api/v1/notes/getArchiveNotes 
    method - GET 
    IP - ::ffff:127.0.0.1
   {"timestamp":"2022-02-25T13:31:44.527Z"}
info: Server started at http://localhost:3000/api/v1/ {"timestamp":"2022-02-25T13:32:07.222Z"}
info: Connected to the database. {"timestamp":"2022-02-25T13:32:07.234Z"}
error: 
    status - 500 
    message - TypeError: Cannot read property 'id' of undefined
    at _callee10$ (/home/dell/Desktop/nodeProjects/fundooBackend/src/controllers/note.controller.js:211:66)
    at tryCatch (/home/dell/Desktop/nodeProjects/fundooBackend/node_modules/regenerator-runtime/runtime.js:63:40)
    at Generator.invoke [as _invoke] (/home/dell/Desktop/nodeProjects/fundooBackend/node_modules/regenerator-runtime/runtime.js:294:22)
    at Generator.next (/home/dell/Desktop/nodeProjects/fundooBackend/node_modules/regenerator-runtime/runtime.js:119:21)
    at asyncGeneratorStep (/home/dell/Desktop/nodeProjects/fundooBackend/node_modules/@babel/runtime/helpers/asyncToGenerator.js:3:24)
    at _next (/home/dell/Desktop/nodeProjects/fundooBackend/node_modules/@babel/runtime/helpers/asyncToGenerator.js:25:9)
    at /home/dell/Desktop/nodeProjects/fundooBackend/node_modules/@babel/runtime/helpers/asyncToGenerator.js:32:7
    at new Promise (<anonymous>)
    at /home/dell/Desktop/nodeProjects/fundooBackend/node_modules/@babel/runtime/helpers/asyncToGenerator.js:21:12
    at colorNotes (/home/dell/Desktop/nodeProjects/fundooBackend/src/controllers/note.controller.js:209:24) 
    url - /api/v1/notes/colorNotes 
    method - PUT 
    IP - ::ffff:127.0.0.1
   {"timestamp":"2022-02-25T13:32:53.156Z"}
error: 
    status - 500 
    message - Error: Callback must be a function, got [object Object]
    at new MongooseError (/home/dell/Desktop/nodeProjects/fundooBackend/node_modules/mongoose/lib/error/mongooseError.js:7:1)
    at Function.Model.$handleCallbackError (/home/dell/Desktop/nodeProjects/fundooBackend/node_modules/mongoose/lib/model.js:5067:11)
    at Function.findByIdAndUpdate (/home/dell/Desktop/nodeProjects/fundooBackend/node_modules/mongoose/lib/model.js:2694:19)
    at _callee10$ (/home/dell/Desktop/nodeProjects/fundooBackend/src/services/note.service.js:113:29)
    at tryCatch (/home/dell/Desktop/nodeProjects/fundooBackend/node_modules/regenerator-runtime/runtime.js:63:40)
    at Generator.invoke [as _invoke] (/home/dell/Desktop/nodeProjects/fundooBackend/node_modules/regenerator-runtime/runtime.js:294:22)
    at Generator.next (/home/dell/Desktop/nodeProjects/fundooBackend/node_modules/regenerator-runtime/runtime.js:119:21)
    at asyncGeneratorStep (/home/dell/Desktop/nodeProjects/fundooBackend/node_modules/@babel/runtime/helpers/asyncToGenerator.js:3:24) 
    url - /api/v1/notes/colorNotes 
    method - PUT 
    IP - ::ffff:127.0.0.1
   {"timestamp":"2022-02-25T13:34:04.935Z"}
info: Server started at http://localhost:3000/api/v1/ {"timestamp":"2022-02-25T13:38:42.231Z"}
info: Connected to the database. {"timestamp":"2022-02-25T13:38:42.244Z"}
info: Server started at http://localhost:3000/api/v1/ {"timestamp":"2022-02-25T13:39:10.756Z"}
info: Connected to the database. {"timestamp":"2022-02-25T13:39:10.773Z"}
error: 
    status - 500 
    message - Error: Callback must be a function, got [object Object]
    at new MongooseError (/home/dell/Desktop/nodeProjects/fundooBackend/node_modules/mongoose/lib/error/mongooseError.js:7:1)
    at Function.Model.$handleCallbackError (/home/dell/Desktop/nodeProjects/fundooBackend/node_modules/mongoose/lib/model.js:5067:11)
    at Function.findByIdAndUpdate (/home/dell/Desktop/nodeProjects/fundooBackend/node_modules/mongoose/lib/model.js:2694:19)
    at _callee10$ (/home/dell/Desktop/nodeProjects/fundooBackend/src/services/note.service.js:113:29)
    at tryCatch (/home/dell/Desktop/nodeProjects/fundooBackend/node_modules/regenerator-runtime/runtime.js:63:40)
    at Generator.invoke [as _invoke] (/home/dell/Desktop/nodeProjects/fundooBackend/node_modules/regenerator-runtime/runtime.js:294:22)
    at Generator.next (/home/dell/Desktop/nodeProjects/fundooBackend/node_modules/regenerator-runtime/runtime.js:119:21)
    at asyncGeneratorStep (/home/dell/Desktop/nodeProjects/fundooBackend/node_modules/@babel/runtime/helpers/asyncToGenerator.js:3:24) 
    url - /api/v1/notes/colorNotes 
    method - PUT 
    IP - ::ffff:127.0.0.1
   {"timestamp":"2022-02-25T13:39:16.291Z"}
info: Server started at http://localhost:3000/api/v1/ {"timestamp":"2022-02-25T13:40:49.412Z"}
info: Connected to the database. {"timestamp":"2022-02-25T13:40:49.424Z"}
info: Server started at http://localhost:3000/api/v1/ {"timestamp":"2022-02-25T13:41:03.921Z"}
info: Connected to the database. {"timestamp":"2022-02-25T13:41:03.934Z"}
info: Server started at http://localhost:3000/api/v1/ {"timestamp":"2022-02-25T13:42:07.103Z"}
info: Connected to the database. {"timestamp":"2022-02-25T13:42:07.116Z"}
info: Server started at http://localhost:3000/api/v1/ {"timestamp":"2022-02-25T13:47:13.803Z"}
info: Connected to the database. {"timestamp":"2022-02-25T13:47:13.815Z"}
error: 
      status - 9
      message - Unknown modifier: $addFields. Expected a valid update modifier or pipeline-style update specified as an array 
      url - /api/v1/notes/colorNotes 
      method - PUT 
      IP - ::ffff:127.0.0.1
     {"timestamp":"2022-02-25T13:47:18.892Z"}
error: 
    status - 500 
    message - RangeError [ERR_HTTP_INVALID_STATUS_CODE]: Invalid status code: 9
    at new NodeError (internal/errors.js:322:7)
    at ServerResponse.writeHead (_http_server.js:259:11)
    at ServerResponse.writeHead (/home/dell/Desktop/nodeProjects/fundooBackend/node_modules/on-headers/index.js:44:26)
    at ServerResponse._implicitHeader (_http_server.js:250:8)
    at write_ (_http_outgoing.js:711:9)
    at ServerResponse.end (_http_outgoing.js:825:5)
    at ServerResponse.send (/home/dell/Desktop/nodeProjects/fundooBackend/node_modules/express/lib/response.js:221:10)
    at ServerResponse.json (/home/dell/Desktop/nodeProjects/fundooBackend/node_modules/express/lib/response.js:267:15)
    at appErrorHandler (/home/dell/Desktop/nodeProjects/fundooBackend/src/middlewares/error.middleware.js:36:26)
    at Layer.handle_error (/home/dell/Desktop/nodeProjects/fundooBackend/node_modules/express/lib/router/layer.js:71:5) 
    url - /api/v1/notes/colorNotes 
    method - PUT 
    IP - ::ffff:127.0.0.1
   {"timestamp":"2022-02-25T13:47:18.897Z"}
error: 
      status - 9
      message - Unknown modifier: $addFields. Expected a valid update modifier or pipeline-style update specified as an array 
      url - /api/v1/notes/colorNotes 
      method - PUT 
      IP - ::ffff:127.0.0.1
     {"timestamp":"2022-02-25T13:47:21.848Z"}
error: 
    status - 500 
    message - RangeError [ERR_HTTP_INVALID_STATUS_CODE]: Invalid status code: 9
    at new NodeError (internal/errors.js:322:7)
    at ServerResponse.writeHead (_http_server.js:259:11)
    at ServerResponse.writeHead (/home/dell/Desktop/nodeProjects/fundooBackend/node_modules/on-headers/index.js:44:26)
    at ServerResponse._implicitHeader (_http_server.js:250:8)
    at write_ (_http_outgoing.js:711:9)
    at ServerResponse.end (_http_outgoing.js:825:5)
    at ServerResponse.send (/home/dell/Desktop/nodeProjects/fundooBackend/node_modules/express/lib/response.js:221:10)
    at ServerResponse.json (/home/dell/Desktop/nodeProjects/fundooBackend/node_modules/express/lib/response.js:267:15)
    at appErrorHandler (/home/dell/Desktop/nodeProjects/fundooBackend/src/middlewares/error.middleware.js:36:26)
    at Layer.handle_error (/home/dell/Desktop/nodeProjects/fundooBackend/node_modules/express/lib/router/layer.js:71:5) 
    url - /api/v1/notes/colorNotes 
    method - PUT 
    IP - ::ffff:127.0.0.1
   {"timestamp":"2022-02-25T13:47:21.850Z"}
info: Server started at http://localhost:3000/api/v1/ {"timestamp":"2022-02-25T13:50:14.063Z"}
info: Connected to the database. {"timestamp":"2022-02-25T13:50:14.076Z"}
info: Server started at http://localhost:3000/api/v1/ {"timestamp":"2022-02-25T13:50:32.166Z"}
info: Connected to the database. {"timestamp":"2022-02-25T13:50:32.179Z"}
info: Server started at http://localhost:3000/api/v1/ {"timestamp":"2022-02-25T13:52:02.811Z"}
info: Connected to the database. {"timestamp":"2022-02-25T13:52:02.824Z"}
info: Server started at http://localhost:3000/api/v1/ {"timestamp":"2022-02-25T13:55:44.488Z"}
info: Connected to the database. {"timestamp":"2022-02-25T13:55:44.501Z"}
info: Server started at http://localhost:3000/api/v1/ {"timestamp":"2022-02-25T13:57:19.160Z"}
info: Connected to the database. {"timestamp":"2022-02-25T13:57:19.178Z"}
error: 
    status - 500 
    message - Error: Callback must be a function, got [object Object]
    at new MongooseError (/home/dell/Desktop/nodeProjects/fundooBackend/node_modules/mongoose/lib/error/mongooseError.js:7:1)
    at Function.Model.$handleCallbackError (/home/dell/Desktop/nodeProjects/fundooBackend/node_modules/mongoose/lib/model.js:5067:11)
    at Function.findByIdAndUpdate (/home/dell/Desktop/nodeProjects/fundooBackend/node_modules/mongoose/lib/model.js:2694:19)
    at _callee10$ (/home/dell/Desktop/nodeProjects/fundooBackend/src/services/note.service.js:113:29)
    at tryCatch (/home/dell/Desktop/nodeProjects/fundooBackend/node_modules/regenerator-runtime/runtime.js:63:40)
    at Generator.invoke [as _invoke] (/home/dell/Desktop/nodeProjects/fundooBackend/node_modules/regenerator-runtime/runtime.js:294:22)
    at Generator.next (/home/dell/Desktop/nodeProjects/fundooBackend/node_modules/regenerator-runtime/runtime.js:119:21)
    at asyncGeneratorStep (/home/dell/Desktop/nodeProjects/fundooBackend/node_modules/@babel/runtime/helpers/asyncToGenerator.js:3:24) 
    url - /api/v1/notes/colorNotes 
    method - PUT 
    IP - ::ffff:127.0.0.1
   {"timestamp":"2022-02-25T13:57:40.368Z"}
info: Server started at http://localhost:3000/api/v1/ {"timestamp":"2022-02-25T13:58:56.540Z"}
info: Connected to the database. {"timestamp":"2022-02-25T13:58:56.555Z"}
info: Server started at http://localhost:3000/api/v1/ {"timestamp":"2022-02-25T13:59:45.018Z"}
info: Connected to the database. {"timestamp":"2022-02-25T13:59:45.036Z"}
info: Server started at http://localhost:3000/api/v1/ {"timestamp":"2022-02-25T13:59:48.697Z"}
info: Connected to the database. {"timestamp":"2022-02-25T13:59:48.712Z"}
info: Server started at http://localhost:3000/api/v1/ {"timestamp":"2022-02-25T14:05:34.031Z"}
info: Connected to the database. {"timestamp":"2022-02-25T14:05:34.051Z"}
