info: ::1 - - [21/Feb/2022:02:26:33 +0000] "GET /api/v1/ HTTP/1.1" 304 - "-" "Mozilla/5.0 (X11; Linux x86_64) AppleWebKit/537.36 (KHTML, like Gecko) Chrome/96.0.4664.45 Safari/537.36"

info: ::1 - - [21/Feb/2022:02:26:33 +0000] "GET /favicon.ico HTTP/1.1" 404 47 "-" "Mozilla/5.0 (X11; Linux x86_64) AppleWebKit/537.36 (KHTML, like Gecko) Chrome/96.0.4664.45 Safari/537.36"

info: ::1 - - [21/Feb/2022:03:00:00 +0000] "GET /api/v1/users HTTP/1.1" 500 93 "-" "PostmanRuntime/7.29.0"

info: ::1 - - [21/Feb/2022:03:00:25 +0000] "GET /api/v1/users HTTP/1.1" 500 93 "-" "PostmanRuntime/7.29.0"

info: ::1 - - [21/Feb/2022:03:01:00 +0000] "GET /api/v1/users HTTP/1.1" 500 93 "-" "PostmanRuntime/7.29.0"

info: ::1 - - [21/Feb/2022:03:03:23 +0000] "GET /api/v1/ HTTP/1.1" 200 9 "-" "PostmanRuntime/7.29.0"

info: ::1 - - [21/Feb/2022:03:03:39 +0000] "GET /api/v1/users HTTP/1.1" 500 93 "-" "PostmanRuntime/7.29.0"

info: ::1 - - [21/Feb/2022:03:04:25 +0000] "GET /api/v1/users HTTP/1.1" 500 93 "-" "PostmanRuntime/7.29.0"

info: ::1 - - [21/Feb/2022:03:05:55 +0000] "GET /api/v1/users HTTP/1.1" 200 335 "-" "PostmanRuntime/7.29.0"

info: ::1 - - [21/Feb/2022:07:11:52 +0000] "GET /api/v1/users HTTP/1.1" 200 335 "-" "PostmanRuntime/7.29.0"

info: ::1 - - [21/Feb/2022:07:39:19 +0000] "POST /api/v1/users/register HTTP/1.1" 500 81 "-" "PostmanRuntime/7.29.0"

info: ::1 - - [21/Feb/2022:07:43:16 +0000] "POST /api/v1/users/register HTTP/1.1" 500 81 "-" "PostmanRuntime/7.29.0"

info: ::1 - - [21/Feb/2022:07:44:22 +0000] "POST /api/v1/users/register HTTP/1.1" 500 125 "-" "PostmanRuntime/7.29.0"

info: ::1 - - [21/Feb/2022:07:44:51 +0000] "POST /api/v1/users/register HTTP/1.1" 500 61 "-" "PostmanRuntime/7.29.0"

info: ::1 - - [21/Feb/2022:07:44:53 +0000] "POST /api/v1/users/register HTTP/1.1" 500 61 "-" "PostmanRuntime/7.29.0"

info: ::1 - - [21/Feb/2022:07:44:54 +0000] "POST /api/v1/users/register HTTP/1.1" 500 61 "-" "PostmanRuntime/7.29.0"

info: ::1 - - [21/Feb/2022:07:50:54 +0000] "POST /api/v1/users HTTP/1.1" 201 244 "-" "PostmanRuntime/7.29.0"

info: ::1 - - [21/Feb/2022:07:52:49 +0000] "POST /api/v1/users/register HTTP/1.1" 500 61 "-" "PostmanRuntime/7.29.0"

info: ::1 - - [21/Feb/2022:07:52:50 +0000] "POST /api/v1/users/register HTTP/1.1" 500 61 "-" "PostmanRuntime/7.29.0"

info: ::1 - - [21/Feb/2022:07:55:53 +0000] "POST /api/v1/users/register HTTP/1.1" 500 61 "-" "PostmanRuntime/7.29.0"

info: ::1 - - [21/Feb/2022:07:56:00 +0000] "POST /api/v1/users/register HTTP/1.1" 201 246 "-" "PostmanRuntime/7.29.0"

info: ::1 - - [21/Feb/2022:07:56:25 +0000] "POST /api/v1/users/register HTTP/1.1" 201 248 "-" "PostmanRuntime/7.29.0"

info: ::1 - - [21/Feb/2022:07:56:30 +0000] "POST /api/v1/users/register HTTP/1.1" 500 61 "-" "PostmanRuntime/7.29.0"

info: ::1 - - [21/Feb/2022:07:57:18 +0000] "POST /api/v1/users/register HTTP/1.1" 500 61 "-" "PostmanRuntime/7.29.0"

info: ::1 - - [21/Feb/2022:07:57:44 +0000] "POST /api/v1/users/register HTTP/1.1" 201 268 "-" "PostmanRuntime/7.29.0"

info: ::1 - - [21/Feb/2022:07:59:14 +0000] "POST /api/v1/users/register HTTP/1.1" 500 61 "-" "PostmanRuntime/7.29.0"

info: ::1 - - [21/Feb/2022:07:59:48 +0000] "POST /api/v1/users/register HTTP/1.1" 500 61 "-" "PostmanRuntime/7.29.0"

info: ::1 - - [21/Feb/2022:08:00:06 +0000] "POST /api/v1/users/register HTTP/1.1" 201 275 "-" "PostmanRuntime/7.29.0"

info: ::1 - - [21/Feb/2022:08:00:12 +0000] "POST /api/v1/users/register HTTP/1.1" 201 271 "-" "PostmanRuntime/7.29.0"

info: ::1 - - [21/Feb/2022:13:16:25 +0000] "POST /api/v1/users/register HTTP/1.1" 500 58 "-" "PostmanRuntime/7.29.0"

info: ::1 - - [21/Feb/2022:13:16:47 +0000] "POST /api/v1/users/login HTTP/1.1" 500 51 "-" "PostmanRuntime/7.29.0"

info: ::1 - - [21/Feb/2022:13:17:38 +0000] "POST /api/v1/users/register HTTP/1.1" 500 162 "-" "PostmanRuntime/7.29.0"

info: ::1 - - [21/Feb/2022:13:18:05 +0000] "POST /api/v1/users/register HTTP/1.1" 500 67 "-" "PostmanRuntime/7.29.0"

info: ::1 - - [21/Feb/2022:13:18:18 +0000] "POST /api/v1/users/register HTTP/1.1" 500 67 "-" "PostmanRuntime/7.29.0"

info: ::1 - - [21/Feb/2022:13:18:20 +0000] "POST /api/v1/users/register HTTP/1.1" 500 67 "-" "PostmanRuntime/7.29.0"

info: ::1 - - [21/Feb/2022:13:18:27 +0000] "POST /api/v1/users/register HTTP/1.1" 500 67 "-" "PostmanRuntime/7.29.0"

info: ::1 - - [21/Feb/2022:13:19:11 +0000] "POST /api/v1/users/register HTTP/1.1" 201 326 "-" "PostmanRuntime/7.29.0"

info: ::1 - - [21/Feb/2022:13:20:53 +0000] "POST /api/v1/users/register HTTP/1.1" 500 60 "-" "PostmanRuntime/7.29.0"

info: ::1 - - [21/Feb/2022:13:21:08 +0000] "POST /api/v1/users/login HTTP/1.1" 200 314 "-" "PostmanRuntime/7.29.0"

info: ::1 - - [21/Feb/2022:13:21:38 +0000] "POST /api/v1/users/login HTTP/1.1" 500 51 "-" "PostmanRuntime/7.29.0"

info: ::1 - - [21/Feb/2022:13:23:09 +0000] "POST /api/v1/users/register HTTP/1.1" 201 322 "-" "PostmanRuntime/7.29.0"

info: ::1 - - [21/Feb/2022:13:23:31 +0000] "POST /api/v1/users/login HTTP/1.1" 200 310 "-" "PostmanRuntime/7.29.0"

info: ::1 - - [21/Feb/2022:13:23:41 +0000] "POST /api/v1/users/login HTTP/1.1" 500 51 "-" "PostmanRuntime/7.29.0"

info: ::1 - - [21/Feb/2022:13:23:54 +0000] "POST /api/v1/users/login HTTP/1.1" 500 67 "-" "PostmanRuntime/7.29.0"

